SF:/home/lollo/Playground/smelt/crates/smelt-asyncio/src/lib.rs
FN:35,_RNvCsaQRDYbdXCx7_13smelt_asyncio13classify_attr
FN:35,_RNvCsduwVkz9zlVI_13smelt_asyncio13classify_attr
FNDA:6,_RNvCsaQRDYbdXCx7_13smelt_asyncio13classify_attr
FNDA:0,_RNvCsduwVkz9zlVI_13smelt_asyncio13classify_attr
FNF:1
FNH:1
DA:35,6
DA:36,6
DA:37,6
DA:38,5
DA:39,4
DA:40,3
DA:41,2
DA:42,1
DA:43,1
DA:44,0
DA:46,6
BRF:0
BRH:0
LF:11
LH:10
end_of_record
SF:/home/lollo/Playground/smelt/crates/smelt-cli/src/config.rs
FN:44,_RNvMNtCs3BwgzzP6exV_5smelt6configNtB2_6Config12project_name
FN:56,_RNvMNtCs3BwgzzP6exV_5smelt6configNtB2_6Config13output_target
FN:62,_RNvMNtCs3BwgzzP6exV_5smelt6configNtB2_6Config17output_crate_name
FN:68,_RNvMNtCs3BwgzzP6exV_5smelt6configNtB2_6Config19should_build_output
FN:50,_RNvMNtCs3BwgzzP6exV_5smelt6configNtB2_6Config7entries
FN:44,_RNvMNtCs7GvMynNWAUk_5smelt6configNtB2_6Config12project_name
FN:56,_RNvMNtCs7GvMynNWAUk_5smelt6configNtB2_6Config13output_target
FN:62,_RNvMNtCs7GvMynNWAUk_5smelt6configNtB2_6Config17output_crate_name
FN:68,_RNvMNtCs7GvMynNWAUk_5smelt6configNtB2_6Config19should_build_output
FN:50,_RNvMNtCs7GvMynNWAUk_5smelt6configNtB2_6Config7entries
FNDA:0,_RNvMNtCs3BwgzzP6exV_5smelt6configNtB2_6Config12project_name
FNDA:0,_RNvMNtCs3BwgzzP6exV_5smelt6configNtB2_6Config13output_target
FNDA:0,_RNvMNtCs3BwgzzP6exV_5smelt6configNtB2_6Config17output_crate_name
FNDA:0,_RNvMNtCs3BwgzzP6exV_5smelt6configNtB2_6Config19should_build_output
FNDA:0,_RNvMNtCs3BwgzzP6exV_5smelt6configNtB2_6Config7entries
FNDA:0,_RNvMNtCs7GvMynNWAUk_5smelt6configNtB2_6Config12project_name
FNDA:42,_RNvMNtCs7GvMynNWAUk_5smelt6configNtB2_6Config13output_target
FNDA:42,_RNvMNtCs7GvMynNWAUk_5smelt6configNtB2_6Config17output_crate_name
FNDA:42,_RNvMNtCs7GvMynNWAUk_5smelt6configNtB2_6Config19should_build_output
FNDA:45,_RNvMNtCs7GvMynNWAUk_5smelt6configNtB2_6Config7entries
FNF:5
FNH:4
DA:44,0
DA:45,0
DA:46,0
DA:50,45
DA:51,45
DA:52,45
DA:56,42
DA:57,42
DA:58,42
DA:62,42
DA:63,42
DA:64,42
DA:68,42
DA:69,42
DA:70,42
BRF:0
BRH:0
LF:15
LH:12
end_of_record
SF:/home/lollo/Playground/smelt/crates/smelt-cli/src/config_parser.rs
FN:20,_RNCNvNtCs3BwgzzP6exV_5smelt13config_parser5parse0B5_
FN:17,_RNvNtCs3BwgzzP6exV_5smelt13config_parser5parse
FN:20,_RNCNvNtCs7GvMynNWAUk_5smelt13config_parser5parse0B5_
FN:17,_RNvNtCs7GvMynNWAUk_5smelt13config_parser5parse
FNDA:0,_RNCNvNtCs3BwgzzP6exV_5smelt13config_parser5parse0B5_
FNDA:0,_RNvNtCs3BwgzzP6exV_5smelt13config_parser5parse
FNDA:73,_RNCNvNtCs7GvMynNWAUk_5smelt13config_parser5parse0B5_
FNDA:73,_RNvNtCs7GvMynNWAUk_5smelt13config_parser5parse
FNF:2
FNH:2
DA:17,73
DA:18,73
DA:19,73
DA:20,73
DA:21,73
BRF:0
BRH:0
LF:6
LH:6
end_of_record
SF:/home/lollo/Playground/smelt/crates/smelt-cli/src/lowering.rs
FN:244,_RINvNtCs3BwgzzP6exV_5smelt8lowering14lowering_errorpEB4_
FN:135,_RNCNCNvNtCs3BwgzzP6exV_5smelt8lowering22lower_manifest_entriess1_00B7_
FN:30,_RNCNvMNtCs3BwgzzP6exV_5smelt8loweringNtB4_10SourceLang9from_path0B6_
FN:91,_RNCNvNtCs3BwgzzP6exV_5smelt8lowering18lower_python_files0B5_
FN:98,_RNCNvNtCs3BwgzzP6exV_5smelt8lowering18lower_python_filess_0B5_
FN:190,_RNCNvNtCs3BwgzzP6exV_5smelt8lowering19lower_manifest_file0B5_
FN:219,_RNCNvNtCs3BwgzzP6exV_5smelt8lowering19lower_manifest_files0_0B5_
FN:228,_RNCNvNtCs3BwgzzP6exV_5smelt8lowering19lower_manifest_files1_0B5_
FN:199,_RNCNvNtCs3BwgzzP6exV_5smelt8lowering19lower_manifest_files_0B5_
FN:255,_RNCNvNtCs3BwgzzP6exV_5smelt8lowering20manifest_module_name0B5_
FN:263,_RNCNvNtCs3BwgzzP6exV_5smelt8lowering20manifest_module_names0_0B5_
FN:263,_RNCNvNtCs3BwgzzP6exV_5smelt8lowering20manifest_module_names1_0B5_
FN:262,_RNCNvNtCs3BwgzzP6exV_5smelt8lowering20manifest_module_names_0B5_
FN:123,_RNCNvNtCs3BwgzzP6exV_5smelt8lowering22lower_manifest_entries0B5_
FN:133,_RNCNvNtCs3BwgzzP6exV_5smelt8lowering22lower_manifest_entriess0_0B5_
FN:135,_RNCNvNtCs3BwgzzP6exV_5smelt8lowering22lower_manifest_entriess1_0B5_
FN:127,_RNCNvNtCs3BwgzzP6exV_5smelt8lowering22lower_manifest_entriess_0B5_
FN:63,_RNCNvNtCs3BwgzzP6exV_5smelt8lowering22lower_typescript_files0B5_
FN:70,_RNCNvNtCs3BwgzzP6exV_5smelt8lowering22lower_typescript_filess_0B5_
FN:29,_RNvMNtCs3BwgzzP6exV_5smelt8loweringNtB2_10SourceLang9from_path
FN:111,_RNvNtCs3BwgzzP6exV_5smelt8lowering17lower_single_file
FN:83,_RNvNtCs3BwgzzP6exV_5smelt8lowering18lower_python_files
FN:173,_RNvNtCs3BwgzzP6exV_5smelt8lowering19lower_manifest_file
FN:252,_RNvNtCs3BwgzzP6exV_5smelt8lowering20manifest_module_name
FN:119,_RNvNtCs3BwgzzP6exV_5smelt8lowering22lower_manifest_entries
FN:55,_RNvNtCs3BwgzzP6exV_5smelt8lowering22lower_typescript_files
FN:150,_RNvNtCs3BwgzzP6exV_5smelt8lowering28lower_ordered_manifest_files
FN:29,_RNvMNtCs7GvMynNWAUk_5smelt8loweringNtB2_10SourceLang9from_path
FN:111,_RNvNtCs7GvMynNWAUk_5smelt8lowering17lower_single_file
FN:83,_RNvNtCs7GvMynNWAUk_5smelt8lowering18lower_python_files
FN:173,_RNvNtCs7GvMynNWAUk_5smelt8lowering19lower_manifest_file
FN:252,_RNvNtCs7GvMynNWAUk_5smelt8lowering20manifest_module_name
FN:119,_RNvNtCs7GvMynNWAUk_5smelt8lowering22lower_manifest_entries
FN:55,_RNvNtCs7GvMynNWAUk_5smelt8lowering22lower_typescript_files
FN:150,_RNvNtCs7GvMynNWAUk_5smelt8lowering28lower_ordered_manifest_files
FN:244,_RINvNtCs7GvMynNWAUk_5smelt8lowering14lowering_errorNtCseTArw8j4OCZ_17smelt_frontend_py10SmeltErrorEB4_
FN:244,_RINvNtCs7GvMynNWAUk_5smelt8lowering14lowering_errorNtNtCs2tKZCox19di_17smelt_frontend_ts5error10SmeltErrorEB4_
FN:135,_RNCNCNvNtCs7GvMynNWAUk_5smelt8lowering22lower_manifest_entriess1_00B7_
FN:30,_RNCNvMNtCs7GvMynNWAUk_5smelt8loweringNtB4_10SourceLang9from_path0B6_
FN:91,_RNCNvNtCs7GvMynNWAUk_5smelt8lowering18lower_python_files0B5_
FN:98,_RNCNvNtCs7GvMynNWAUk_5smelt8lowering18lower_python_filess_0B5_
FN:190,_RNCNvNtCs7GvMynNWAUk_5smelt8lowering19lower_manifest_file0B5_
FN:219,_RNCNvNtCs7GvMynNWAUk_5smelt8lowering19lower_manifest_files0_0B5_
FN:228,_RNCNvNtCs7GvMynNWAUk_5smelt8lowering19lower_manifest_files1_0B5_
FN:199,_RNCNvNtCs7GvMynNWAUk_5smelt8lowering19lower_manifest_files_0B5_
FN:255,_RNCNvNtCs7GvMynNWAUk_5smelt8lowering20manifest_module_name0B5_
FN:263,_RNCNvNtCs7GvMynNWAUk_5smelt8lowering20manifest_module_names0_0B5_
FN:263,_RNCNvNtCs7GvMynNWAUk_5smelt8lowering20manifest_module_names1_0B5_
FN:262,_RNCNvNtCs7GvMynNWAUk_5smelt8lowering20manifest_module_names_0B5_
FN:123,_RNCNvNtCs7GvMynNWAUk_5smelt8lowering22lower_manifest_entries0B5_
FN:133,_RNCNvNtCs7GvMynNWAUk_5smelt8lowering22lower_manifest_entriess0_0B5_
FN:135,_RNCNvNtCs7GvMynNWAUk_5smelt8lowering22lower_manifest_entriess1_0B5_
FN:127,_RNCNvNtCs7GvMynNWAUk_5smelt8lowering22lower_manifest_entriess_0B5_
FN:63,_RNCNvNtCs7GvMynNWAUk_5smelt8lowering22lower_typescript_files0B5_
FN:70,_RNCNvNtCs7GvMynNWAUk_5smelt8lowering22lower_typescript_filess_0B5_
FNDA:0,_RINvNtCs3BwgzzP6exV_5smelt8lowering14lowering_errorpEB4_
FNDA:0,_RNCNCNvNtCs3BwgzzP6exV_5smelt8lowering22lower_manifest_entriess1_00B7_
FNDA:0,_RNCNvMNtCs3BwgzzP6exV_5smelt8loweringNtB4_10SourceLang9from_path0B6_
FNDA:0,_RNCNvNtCs3BwgzzP6exV_5smelt8lowering18lower_python_files0B5_
FNDA:0,_RNCNvNtCs3BwgzzP6exV_5smelt8lowering18lower_python_filess_0B5_
FNDA:0,_RNCNvNtCs3BwgzzP6exV_5smelt8lowering19lower_manifest_file0B5_
FNDA:0,_RNCNvNtCs3BwgzzP6exV_5smelt8lowering19lower_manifest_files0_0B5_
FNDA:0,_RNCNvNtCs3BwgzzP6exV_5smelt8lowering19lower_manifest_files1_0B5_
FNDA:0,_RNCNvNtCs3BwgzzP6exV_5smelt8lowering19lower_manifest_files_0B5_
FNDA:0,_RNCNvNtCs3BwgzzP6exV_5smelt8lowering20manifest_module_name0B5_
FNDA:0,_RNCNvNtCs3BwgzzP6exV_5smelt8lowering20manifest_module_names0_0B5_
FNDA:0,_RNCNvNtCs3BwgzzP6exV_5smelt8lowering20manifest_module_names1_0B5_
FNDA:0,_RNCNvNtCs3BwgzzP6exV_5smelt8lowering20manifest_module_names_0B5_
FNDA:0,_RNCNvNtCs3BwgzzP6exV_5smelt8lowering22lower_manifest_entries0B5_
FNDA:0,_RNCNvNtCs3BwgzzP6exV_5smelt8lowering22lower_manifest_entriess0_0B5_
FNDA:0,_RNCNvNtCs3BwgzzP6exV_5smelt8lowering22lower_manifest_entriess1_0B5_
FNDA:0,_RNCNvNtCs3BwgzzP6exV_5smelt8lowering22lower_manifest_entriess_0B5_
FNDA:0,_RNCNvNtCs3BwgzzP6exV_5smelt8lowering22lower_typescript_files0B5_
FNDA:0,_RNCNvNtCs3BwgzzP6exV_5smelt8lowering22lower_typescript_filess_0B5_
FNDA:0,_RNvMNtCs3BwgzzP6exV_5smelt8loweringNtB2_10SourceLang9from_path
FNDA:0,_RNvNtCs3BwgzzP6exV_5smelt8lowering17lower_single_file
FNDA:0,_RNvNtCs3BwgzzP6exV_5smelt8lowering18lower_python_files
FNDA:0,_RNvNtCs3BwgzzP6exV_5smelt8lowering19lower_manifest_file
FNDA:0,_RNvNtCs3BwgzzP6exV_5smelt8lowering20manifest_module_name
FNDA:0,_RNvNtCs3BwgzzP6exV_5smelt8lowering22lower_manifest_entries
FNDA:0,_RNvNtCs3BwgzzP6exV_5smelt8lowering22lower_typescript_files
FNDA:0,_RNvNtCs3BwgzzP6exV_5smelt8lowering28lower_ordered_manifest_files
FNDA:176,_RNvMNtCs7GvMynNWAUk_5smelt8loweringNtB2_10SourceLang9from_path
FNDA:28,_RNvNtCs7GvMynNWAUk_5smelt8lowering17lower_single_file
FNDA:0,_RNvNtCs7GvMynNWAUk_5smelt8lowering18lower_python_files
FNDA:67,_RNvNtCs7GvMynNWAUk_5smelt8lowering19lower_manifest_file
FNDA:67,_RNvNtCs7GvMynNWAUk_5smelt8lowering20manifest_module_name
FNDA:45,_RNvNtCs7GvMynNWAUk_5smelt8lowering22lower_manifest_entries
FNDA:28,_RNvNtCs7GvMynNWAUk_5smelt8lowering22lower_typescript_files
FNDA:45,_RNvNtCs7GvMynNWAUk_5smelt8lowering28lower_ordered_manifest_files
FNDA:0,_RINvNtCs7GvMynNWAUk_5smelt8lowering14lowering_errorNtCseTArw8j4OCZ_17smelt_frontend_py10SmeltErrorEB4_
FNDA:0,_RINvNtCs7GvMynNWAUk_5smelt8lowering14lowering_errorNtNtCs2tKZCox19di_17smelt_frontend_ts5error10SmeltErrorEB4_
FNDA:67,_RNCNCNvNtCs7GvMynNWAUk_5smelt8lowering22lower_manifest_entriess1_00B7_
FNDA:176,_RNCNvMNtCs7GvMynNWAUk_5smelt8loweringNtB4_10SourceLang9from_path0B6_
FNDA:0,_RNCNvNtCs7GvMynNWAUk_5smelt8lowering18lower_python_files0B5_
FNDA:0,_RNCNvNtCs7GvMynNWAUk_5smelt8lowering18lower_python_filess_0B5_
FNDA:0,_RNCNvNtCs7GvMynNWAUk_5smelt8lowering19lower_manifest_file0B5_
FNDA:0,_RNCNvNtCs7GvMynNWAUk_5smelt8lowering19lower_manifest_files0_0B5_
FNDA:0,_RNCNvNtCs7GvMynNWAUk_5smelt8lowering19lower_manifest_files1_0B5_
FNDA:0,_RNCNvNtCs7GvMynNWAUk_5smelt8lowering19lower_manifest_files_0B5_
FNDA:67,_RNCNvNtCs7GvMynNWAUk_5smelt8lowering20manifest_module_name0B5_
FNDA:0,_RNCNvNtCs7GvMynNWAUk_5smelt8lowering20manifest_module_names0_0B5_
FNDA:6,_RNCNvNtCs7GvMynNWAUk_5smelt8lowering20manifest_module_names1_0B5_
FNDA:6,_RNCNvNtCs7GvMynNWAUk_5smelt8lowering20manifest_module_names_0B5_
FNDA:0,_RNCNvNtCs7GvMynNWAUk_5smelt8lowering22lower_manifest_entries0B5_
FNDA:0,_RNCNvNtCs7GvMynNWAUk_5smelt8lowering22lower_manifest_entriess0_0B5_
FNDA:67,_RNCNvNtCs7GvMynNWAUk_5smelt8lowering22lower_manifest_entriess1_0B5_
FNDA:66,_RNCNvNtCs7GvMynNWAUk_5smelt8lowering22lower_manifest_entriess_0B5_
FNDA:0,_RNCNvNtCs7GvMynNWAUk_5smelt8lowering22lower_typescript_files0B5_
FNDA:0,_RNCNvNtCs7GvMynNWAUk_5smelt8lowering22lower_typescript_filess_0B5_
FNF:27
FNH:14
DA:29,176
DA:30,176
DA:31,176
DA:32,28
DA:33,0
DA:35,176
DA:55,28
DA:56,28
DA:57,28
DA:58,28
DA:59,28
DA:61,28
DA:62,28
DA:63,28
DA:64,0
DA:65,0
DA:66,0
DA:68,0
DA:69,28
DA:70,28
DA:71,0
DA:72,0
DA:73,0
DA:75,0
DA:76,28
DA:79,28
DA:80,28
DA:83,0
DA:84,0
DA:85,0
DA:86,0
DA:87,0
DA:89,0
DA:90,0
DA:91,0
DA:92,0
DA:93,0
DA:94,0
DA:96,0
DA:97,0
DA:98,0
DA:99,0
DA:100,0
DA:101,0
DA:103,0
DA:104,0
DA:107,0
DA:108,0
DA:111,28
DA:112,28
DA:113,28
DA:114,0
DA:116,28
DA:119,45
DA:120,45
DA:121,45
DA:122,45
DA:123,45
DA:124,45
DA:125,45
DA:126,45
DA:127,66
DA:128,45
DA:129,45
DA:130,45
DA:132,45
DA:133,45
DA:134,45
DA:135,67
DA:136,45
DA:138,45
DA:139,0
DA:140,0
DA:141,0
DA:142,0
DA:143,0
DA:144,45
DA:146,45
DA:147,45
DA:150,45
DA:151,45
DA:152,45
DA:153,45
DA:154,45
DA:155,45
DA:157,67
DA:158,67
DA:159,67
DA:160,67
DA:161,67
DA:162,67
DA:163,67
DA:164,67
DA:165,67
DA:166,67
DA:169,45
DA:170,45
DA:173,67
DA:174,67
DA:175,67
DA:176,67
DA:177,67
DA:178,67
DA:179,67
DA:180,67
DA:181,67
DA:183,54
DA:184,54
DA:185,54
DA:186,54
DA:187,54
DA:188,54
DA:189,54
DA:190,54
DA:191,0
DA:192,0
DA:193,0
DA:195,0
DA:196,54
DA:197,54
DA:199,54
DA:200,54
DA:201,54
DA:202,54
DA:203,54
DA:204,54
DA:205,54
DA:206,54
DA:207,54
DA:208,54
DA:209,54
DA:212,13
DA:213,13
DA:214,13
DA:215,13
DA:216,13
DA:217,13
DA:218,13
DA:219,13
DA:220,0
DA:221,0
DA:222,0
DA:224,0
DA:225,13
DA:226,13
DA:228,13
DA:229,13
DA:230,13
DA:231,13
DA:232,13
DA:233,13
DA:234,13
DA:235,13
DA:236,13
DA:237,13
DA:238,13
DA:241,67
DA:244,0
DA:245,0
DA:246,0
DA:247,0
DA:249,0
DA:252,67
DA:253,67
DA:254,67
DA:255,67
DA:256,67
DA:257,67
DA:258,61
DA:259,6
DA:260,6
DA:261,6
DA:262,6
DA:263,6
DA:264,67
BRDA:138,0,0,0
BRDA:138,0,1,45
BRDA:161,0,0,67
BRDA:161,0,1,0
BRDA:162,0,0,67
BRDA:162,0,1,0
BRDA:257,0,0,61
BRDA:257,0,1,6
BRF:8
BRH:5
LF:199
LH:133
end_of_record
SF:/home/lollo/Playground/smelt/crates/smelt-cli/src/main.rs
FN:59,_RNvCs3BwgzzP6exV_5smelt4main
FN:59,_RNvCs7GvMynNWAUk_5smelt4main
FNDA:0,_RNvCs3BwgzzP6exV_5smelt4main
FNDA:73,_RNvCs7GvMynNWAUk_5smelt4main
FNF:1
FNH:1
DA:59,73
DA:60,73
DA:62,73
DA:63,0
DA:64,0
DA:65,0
DA:66,0
DA:67,73
DA:69,73
DA:70,73
DA:71,73
DA:72,73
DA:73,73
DA:74,73
DA:75,0
DA:76,73
DA:77,2
DA:78,43
DA:79,43
DA:80,1
DA:81,1
DA:82,1
DA:83,42
DA:84,42
DA:86,0
DA:87,0
DA:88,0
DA:89,0
DA:90,0
DA:92,1
DA:93,1
DA:94,1
DA:96,27
DA:97,27
DA:98,27
DA:100,0
DA:101,0
DA:103,0
DA:104,0
DA:105,0
DA:108,0
DA:109,0
DA:111,72
DA:112,73
BRDA:79,0,0,1
BRDA:79,0,1,42
BRDA:79,1,2,0
BRDA:79,1,3,42
BRF:4
BRH:3
LF:44
LH:27
end_of_record
SF:/home/lollo/Playground/smelt/crates/smelt-cli/src/manifest.rs
FN:277,_RNCNCNvNtCs3BwgzzP6exV_5smelt8manifest23scan_typescript_imports00B7_
FN:302,_RNCNvNtCs3BwgzzP6exV_5smelt8manifest19scan_python_imports0B5_
FN:100,_RNCNvNtCs3BwgzzP6exV_5smelt8manifest21manifest_source_index0B5_
FN:181,_RNCNvNtCs3BwgzzP6exV_5smelt8manifest21visit_manifest_source0B5_
FN:182,_RNCNvNtCs3BwgzzP6exV_5smelt8manifest21visit_manifest_sources_0B5_
FN:272,_RNCNvNtCs3BwgzzP6exV_5smelt8manifest23scan_typescript_imports0B5_
FN:147,_RNCNvNtCs3BwgzzP6exV_5smelt8manifest33resolve_import_to_existing_source0B5_
FN:151,_RNCNvNtCs3BwgzzP6exV_5smelt8manifest33resolve_import_to_existing_sources_0B5_
FN:214,_RNCNvNtCs3BwgzzP6exV_5smelt8manifest33resolve_import_to_manifest_source0B5_
FN:227,_RNCNvNtCs3BwgzzP6exV_5smelt8manifest33resolve_import_to_manifest_sources0_0B5_
FN:219,_RNCNvNtCs3BwgzzP6exV_5smelt8manifest33resolve_import_to_manifest_sources_0B5_
FN:261,_RNvNtCs3BwgzzP6exV_5smelt8manifest12scan_imports
FN:165,_RNvNtCs3BwgzzP6exV_5smelt8manifest16add_manifest_key
FN:63,_RNvNtCs3BwgzzP6exV_5smelt8manifest18dependency_closure
FN:244,_RNvNtCs3BwgzzP6exV_5smelt8manifest18normalize_path_key
FN:290,_RNvNtCs3BwgzzP6exV_5smelt8manifest19scan_python_imports
FN:49,_RNvNtCs3BwgzzP6exV_5smelt8manifest20read_manifest_source
FN:93,_RNvNtCs3BwgzzP6exV_5smelt8manifest21manifest_source_index
FN:40,_RNvNtCs3BwgzzP6exV_5smelt8manifest21resolve_manifest_path
FN:173,_RNvNtCs3BwgzzP6exV_5smelt8manifest21visit_manifest_source
FN:75,_RNvNtCs3BwgzzP6exV_5smelt8manifest22order_manifest_sources
FN:116,_RNvNtCs3BwgzzP6exV_5smelt8manifest23collect_manifest_source
FN:312,_RNvNtCs3BwgzzP6exV_5smelt8manifest23quoted_module_specifier
FN:269,_RNvNtCs3BwgzzP6exV_5smelt8manifest23scan_typescript_imports
FN:231,_RNvNtCs3BwgzzP6exV_5smelt8manifest26manifest_import_candidates
FN:139,_RNvNtCs3BwgzzP6exV_5smelt8manifest33resolve_import_to_existing_source
FN:205,_RNvNtCs3BwgzzP6exV_5smelt8manifest33resolve_import_to_manifest_source
FN:261,_RNvNtCs7GvMynNWAUk_5smelt8manifest12scan_imports
FN:165,_RNvNtCs7GvMynNWAUk_5smelt8manifest16add_manifest_key
FN:63,_RNvNtCs7GvMynNWAUk_5smelt8manifest18dependency_closure
FN:244,_RNvNtCs7GvMynNWAUk_5smelt8manifest18normalize_path_key
FN:290,_RNvNtCs7GvMynNWAUk_5smelt8manifest19scan_python_imports
FN:49,_RNvNtCs7GvMynNWAUk_5smelt8manifest20read_manifest_source
FN:93,_RNvNtCs7GvMynNWAUk_5smelt8manifest21manifest_source_index
FN:40,_RNvNtCs7GvMynNWAUk_5smelt8manifest21resolve_manifest_path
FN:173,_RNvNtCs7GvMynNWAUk_5smelt8manifest21visit_manifest_source
FN:75,_RNvNtCs7GvMynNWAUk_5smelt8manifest22order_manifest_sources
FN:116,_RNvNtCs7GvMynNWAUk_5smelt8manifest23collect_manifest_source
FN:312,_RNvNtCs7GvMynNWAUk_5smelt8manifest23quoted_module_specifier
FN:269,_RNvNtCs7GvMynNWAUk_5smelt8manifest23scan_typescript_imports
FN:231,_RNvNtCs7GvMynNWAUk_5smelt8manifest26manifest_import_candidates
FN:139,_RNvNtCs7GvMynNWAUk_5smelt8manifest33resolve_import_to_existing_source
FN:205,_RNvNtCs7GvMynNWAUk_5smelt8manifest33resolve_import_to_manifest_source
FN:277,_RNCNCNvNtCs7GvMynNWAUk_5smelt8manifest23scan_typescript_imports00B7_
FN:302,_RNCNvNtCs7GvMynNWAUk_5smelt8manifest19scan_python_imports0B5_
FN:100,_RNCNvNtCs7GvMynNWAUk_5smelt8manifest21manifest_source_index0B5_
FN:181,_RNCNvNtCs7GvMynNWAUk_5smelt8manifest21visit_manifest_source0B5_
FN:182,_RNCNvNtCs7GvMynNWAUk_5smelt8manifest21visit_manifest_sources_0B5_
FN:272,_RNCNvNtCs7GvMynNWAUk_5smelt8manifest23scan_typescript_imports0B5_
FN:147,_RNCNvNtCs7GvMynNWAUk_5smelt8manifest33resolve_import_to_existing_source0B5_
FN:151,_RNCNvNtCs7GvMynNWAUk_5smelt8manifest33resolve_import_to_existing_sources_0B5_
FN:214,_RNCNvNtCs7GvMynNWAUk_5smelt8manifest33resolve_import_to_manifest_source0B5_
FN:227,_RNCNvNtCs7GvMynNWAUk_5smelt8manifest33resolve_import_to_manifest_sources0_0B5_
FN:219,_RNCNvNtCs7GvMynNWAUk_5smelt8manifest33resolve_import_to_manifest_sources_0B5_
FNDA:0,_RNCNCNvNtCs3BwgzzP6exV_5smelt8manifest23scan_typescript_imports00B7_
FNDA:0,_RNCNvNtCs3BwgzzP6exV_5smelt8manifest19scan_python_imports0B5_
FNDA:0,_RNCNvNtCs3BwgzzP6exV_5smelt8manifest21manifest_source_index0B5_
FNDA:0,_RNCNvNtCs3BwgzzP6exV_5smelt8manifest21visit_manifest_source0B5_
FNDA:0,_RNCNvNtCs3BwgzzP6exV_5smelt8manifest21visit_manifest_sources_0B5_
FNDA:0,_RNCNvNtCs3BwgzzP6exV_5smelt8manifest23scan_typescript_imports0B5_
FNDA:0,_RNCNvNtCs3BwgzzP6exV_5smelt8manifest33resolve_import_to_existing_source0B5_
FNDA:0,_RNCNvNtCs3BwgzzP6exV_5smelt8manifest33resolve_import_to_existing_sources_0B5_
FNDA:0,_RNCNvNtCs3BwgzzP6exV_5smelt8manifest33resolve_import_to_manifest_source0B5_
FNDA:0,_RNCNvNtCs3BwgzzP6exV_5smelt8manifest33resolve_import_to_manifest_sources0_0B5_
FNDA:0,_RNCNvNtCs3BwgzzP6exV_5smelt8manifest33resolve_import_to_manifest_sources_0B5_
FNDA:0,_RNvNtCs3BwgzzP6exV_5smelt8manifest12scan_imports
FNDA:0,_RNvNtCs3BwgzzP6exV_5smelt8manifest16add_manifest_key
FNDA:0,_RNvNtCs3BwgzzP6exV_5smelt8manifest18dependency_closure
FNDA:0,_RNvNtCs3BwgzzP6exV_5smelt8manifest18normalize_path_key
FNDA:0,_RNvNtCs3BwgzzP6exV_5smelt8manifest19scan_python_imports
FNDA:0,_RNvNtCs3BwgzzP6exV_5smelt8manifest20read_manifest_source
FNDA:0,_RNvNtCs3BwgzzP6exV_5smelt8manifest21manifest_source_index
FNDA:0,_RNvNtCs3BwgzzP6exV_5smelt8manifest21resolve_manifest_path
FNDA:0,_RNvNtCs3BwgzzP6exV_5smelt8manifest21visit_manifest_source
FNDA:0,_RNvNtCs3BwgzzP6exV_5smelt8manifest22order_manifest_sources
FNDA:0,_RNvNtCs3BwgzzP6exV_5smelt8manifest23collect_manifest_source
FNDA:0,_RNvNtCs3BwgzzP6exV_5smelt8manifest23quoted_module_specifier
FNDA:0,_RNvNtCs3BwgzzP6exV_5smelt8manifest23scan_typescript_imports
FNDA:0,_RNvNtCs3BwgzzP6exV_5smelt8manifest26manifest_import_candidates
FNDA:0,_RNvNtCs3BwgzzP6exV_5smelt8manifest33resolve_import_to_existing_source
FNDA:0,_RNvNtCs3BwgzzP6exV_5smelt8manifest33resolve_import_to_manifest_source
FNDA:81,_RNvNtCs7GvMynNWAUk_5smelt8manifest12scan_imports
FNDA:70,_RNvNtCs7GvMynNWAUk_5smelt8manifest16add_manifest_key
FNDA:45,_RNvNtCs7GvMynNWAUk_5smelt8manifest18dependency_closure
FNDA:250,_RNvNtCs7GvMynNWAUk_5smelt8manifest18normalize_path_key
FNDA:15,_RNvNtCs7GvMynNWAUk_5smelt8manifest19scan_python_imports
FNDA:81,_RNvNtCs7GvMynNWAUk_5smelt8manifest20read_manifest_source
FNDA:45,_RNvNtCs7GvMynNWAUk_5smelt8manifest21manifest_source_index
FNDA:108,_RNvNtCs7GvMynNWAUk_5smelt8manifest21resolve_manifest_path
FNDA:88,_RNvNtCs7GvMynNWAUk_5smelt8manifest21visit_manifest_source
FNDA:45,_RNvNtCs7GvMynNWAUk_5smelt8manifest22order_manifest_sources
FNDA:81,_RNvNtCs7GvMynNWAUk_5smelt8manifest23collect_manifest_source
FNDA:18,_RNvNtCs7GvMynNWAUk_5smelt8manifest23quoted_module_specifier
FNDA:66,_RNvNtCs7GvMynNWAUk_5smelt8manifest23scan_typescript_imports
FNDA:43,_RNvNtCs7GvMynNWAUk_5smelt8manifest26manifest_import_candidates
FNDA:22,_RNvNtCs7GvMynNWAUk_5smelt8manifest33resolve_import_to_existing_source
FNDA:22,_RNvNtCs7GvMynNWAUk_5smelt8manifest33resolve_import_to_manifest_source
FNDA:16,_RNCNCNvNtCs7GvMynNWAUk_5smelt8manifest23scan_typescript_imports00B7_
FNDA:1,_RNCNvNtCs7GvMynNWAUk_5smelt8manifest19scan_python_imports0B5_
FNDA:67,_RNCNvNtCs7GvMynNWAUk_5smelt8manifest21manifest_source_index0B5_
FNDA:0,_RNCNvNtCs7GvMynNWAUk_5smelt8manifest21visit_manifest_source0B5_
FNDA:0,_RNCNvNtCs7GvMynNWAUk_5smelt8manifest21visit_manifest_sources_0B5_
FNDA:382,_RNCNvNtCs7GvMynNWAUk_5smelt8manifest23scan_typescript_imports0B5_
FNDA:0,_RNCNvNtCs7GvMynNWAUk_5smelt8manifest33resolve_import_to_existing_source0B5_
FNDA:0,_RNCNvNtCs7GvMynNWAUk_5smelt8manifest33resolve_import_to_existing_sources_0B5_
FNDA:0,_RNCNvNtCs7GvMynNWAUk_5smelt8manifest33resolve_import_to_manifest_source0B5_
FNDA:29,_RNCNvNtCs7GvMynNWAUk_5smelt8manifest33resolve_import_to_manifest_sources0_0B5_
FNDA:0,_RNCNvNtCs7GvMynNWAUk_5smelt8manifest33resolve_import_to_manifest_sources_0B5_
FNF:27
FNH:21
DA:40,108
DA:41,108
DA:42,0
DA:44,108
DA:46,108
DA:49,81
DA:50,81
DA:51,81
DA:52,81
DA:53,81
DA:54,81
DA:55,81
DA:56,81
DA:57,81
DA:58,81
DA:59,81
DA:60,81
DA:63,45
DA:64,45
DA:65,45
DA:66,45
DA:67,45
DA:68,66
DA:69,66
DA:71,45
DA:72,45
DA:75,45
DA:76,45
DA:77,45
DA:78,45
DA:79,45
DA:80,45
DA:81,45
DA:82,45
DA:83,45
DA:85,67
DA:86,67
DA:89,45
DA:90,45
DA:93,45
DA:94,45
DA:95,67
DA:96,67
DA:97,67
DA:98,67
DA:99,67
DA:100,67
DA:101,3
DA:103,3
DA:104,3
DA:105,3
DA:106,3
DA:107,64
DA:108,67
DA:109,67
DA:110,67
DA:112,45
DA:113,45
DA:116,81
DA:117,81
DA:118,81
DA:119,81
DA:120,81
DA:121,81
DA:122,81
DA:123,14
DA:124,67
DA:125,67
DA:126,67
DA:127,67
DA:128,67
DA:129,67
DA:130,22
DA:131,15
DA:132,15
DA:133,7
DA:135,67
DA:136,81
DA:139,22
DA:140,22
DA:141,22
DA:142,22
DA:143,22
DA:144,21
DA:145,15
DA:146,14
DA:147,14
DA:148,14
DA:149,7
DA:150,1
DA:151,1
DA:152,1
DA:153,6
DA:154,1
DA:156,60
DA:157,60
DA:158,15
DA:159,45
DA:161,6
DA:162,22
DA:165,70
DA:166,70
DA:167,70
DA:168,70
DA:169,70
DA:170,70
DA:173,88
DA:174,88
DA:175,21
DA:176,67
DA:177,67
DA:178,0
DA:180,0
DA:181,0
DA:182,0
DA:185,67
DA:187,67
DA:188,0
DA:190,67
DA:191,22
DA:192,21
DA:194,21
DA:195,1
DA:198,67
DA:199,67
DA:200,67
DA:201,67
DA:202,88
DA:205,22
DA:206,22
DA:207,22
DA:208,22
DA:209,22
DA:210,22
DA:211,15
DA:212,14
DA:213,14
DA:214,14
DA:215,14
DA:216,7
DA:217,1
DA:218,1
DA:219,1
DA:220,1
DA:221,6
DA:222,1
DA:225,22
DA:226,22
DA:227,29
DA:228,22
DA:231,43
DA:232,43
DA:233,43
DA:234,43
DA:235,35
DA:236,35
DA:237,35
DA:238,35
DA:239,35
DA:240,43
DA:241,43
DA:244,250
DA:245,250
DA:246,1255
DA:247,1255
DA:248,0
DA:249,2
DA:250,2
DA:251,2
DA:252,0
DA:253,236
DA:254,1017
DA:257,250
DA:258,250
DA:261,81
DA:262,81
DA:263,66
DA:264,15
DA:266,81
DA:269,66
DA:270,66
DA:271,66
DA:272,382
DA:273,382
DA:274,382
DA:275,16
DA:276,16
DA:277,16
DA:278,16
DA:279,366
DA:280,366
DA:281,2
DA:282,2
DA:283,364
DA:284,364
DA:285,382
DA:286,66
DA:287,66
DA:290,15
DA:291,15
DA:292,74
DA:293,74
DA:294,74
DA:295,6
DA:296,6
DA:297,6
DA:298,68
DA:299,1
DA:300,1
DA:301,1
DA:302,1
DA:303,1
DA:304,1
DA:305,1
DA:306,67
DA:308,15
DA:309,15
DA:312,18
DA:313,18
DA:314,18
DA:315,18
DA:316,0
DA:317,18
DA:318,18
DA:319,18
DA:320,18
DA:321,18
BRDA:41,0,0,0
BRDA:41,0,1,108
BRDA:97,0,0,3
BRDA:97,0,1,64
BRDA:101,0,0,3
BRDA:101,0,1,0
BRDA:104,0,0,3
BRDA:104,0,1,0
BRDA:108,0,0,67
BRDA:108,0,1,0
BRDA:122,0,0,14
BRDA:122,0,1,67
BRDA:130,0,0,15
BRDA:130,0,1,7
BRDA:145,0,0,14
BRDA:145,0,1,1
BRDA:149,0,0,1
BRDA:149,0,1,6
BRDA:157,0,0,15
BRDA:157,0,1,45
BRDA:167,0,0,70
BRDA:167,0,1,0
BRDA:174,0,0,21
BRDA:174,0,1,67
BRDA:177,0,0,0
BRDA:177,0,1,67
BRDA:187,0,0,67
BRDA:187,0,1,0
BRDA:191,0,0,21
BRDA:191,0,1,1
BRDA:192,0,0,21
BRDA:192,0,1,0
BRDA:211,0,0,14
BRDA:211,0,1,1
BRDA:216,0,0,1
BRDA:216,0,1,6
BRDA:234,0,0,35
BRDA:234,0,1,8
BRDA:274,0,0,16
BRDA:274,0,1,366
BRDA:280,0,0,79
BRDA:280,0,1,287
BRDA:280,1,2,2
BRDA:280,1,3,77
BRDA:294,0,0,6
BRDA:294,0,1,68
BRDA:295,0,0,6
BRDA:295,0,1,0
BRDA:298,0,0,1
BRDA:298,0,1,67
BRDA:303,0,0,1
BRDA:303,0,1,0
BRDA:315,0,0,7
BRDA:315,0,1,11
BRDA:315,1,2,0
BRDA:315,1,3,7
BRF:56
BRH:45
LF:236
LH:223
end_of_record
SF:/home/lollo/Playground/smelt/crates/smelt-cli/src/pipeline.rs
FN:18,_RNCNvNtCs3BwgzzP6exV_5smelt8pipeline15dump_python_ast0B5_
FN:81,_RNCNvNtCs3BwgzzP6exV_5smelt8pipeline16build_rust_crate0B5_
FN:85,_RNCNvNtCs3BwgzzP6exV_5smelt8pipeline16build_rust_crates_0B5_
FN:55,_RNCNvNtCs3BwgzzP6exV_5smelt8pipeline22lower_to_optimized_mir0B5_
FN:101,_RNvNtCs3BwgzzP6exV_5smelt8pipeline14check_manifest
FN:15,_RNvNtCs3BwgzzP6exV_5smelt8pipeline15dump_python_ast
FN:74,_RNvNtCs3BwgzzP6exV_5smelt8pipeline16build_rust_crate
FN:111,_RNvNtCs3BwgzzP6exV_5smelt8pipeline21build_generated_crate
FN:52,_RNvNtCs3BwgzzP6exV_5smelt8pipeline22lower_to_optimized_mir
FN:30,_RNvNtCs3BwgzzP6exV_5smelt8pipeline9print_hir
FN:44,_RNvNtCs3BwgzzP6exV_5smelt8pipeline9print_mir
FN:18,_RNCNvNtCs7GvMynNWAUk_5smelt8pipeline15dump_python_ast0B5_
FN:81,_RNCNvNtCs7GvMynNWAUk_5smelt8pipeline16build_rust_crate0B5_
FN:85,_RNCNvNtCs7GvMynNWAUk_5smelt8pipeline16build_rust_crates_0B5_
FN:55,_RNCNvNtCs7GvMynNWAUk_5smelt8pipeline22lower_to_optimized_mir0B5_
FN:101,_RNvNtCs7GvMynNWAUk_5smelt8pipeline14check_manifest
FN:15,_RNvNtCs7GvMynNWAUk_5smelt8pipeline15dump_python_ast
FN:74,_RNvNtCs7GvMynNWAUk_5smelt8pipeline16build_rust_crate
FN:111,_RNvNtCs7GvMynNWAUk_5smelt8pipeline21build_generated_crate
FN:52,_RNvNtCs7GvMynNWAUk_5smelt8pipeline22lower_to_optimized_mir
FN:30,_RNvNtCs7GvMynNWAUk_5smelt8pipeline9print_hir
FN:44,_RNvNtCs7GvMynNWAUk_5smelt8pipeline9print_mir
FNDA:0,_RNCNvNtCs3BwgzzP6exV_5smelt8pipeline15dump_python_ast0B5_
FNDA:0,_RNCNvNtCs3BwgzzP6exV_5smelt8pipeline16build_rust_crate0B5_
FNDA:0,_RNCNvNtCs3BwgzzP6exV_5smelt8pipeline16build_rust_crates_0B5_
FNDA:0,_RNCNvNtCs3BwgzzP6exV_5smelt8pipeline22lower_to_optimized_mir0B5_
FNDA:0,_RNvNtCs3BwgzzP6exV_5smelt8pipeline14check_manifest
FNDA:0,_RNvNtCs3BwgzzP6exV_5smelt8pipeline15dump_python_ast
FNDA:0,_RNvNtCs3BwgzzP6exV_5smelt8pipeline16build_rust_crate
FNDA:0,_RNvNtCs3BwgzzP6exV_5smelt8pipeline21build_generated_crate
FNDA:0,_RNvNtCs3BwgzzP6exV_5smelt8pipeline22lower_to_optimized_mir
FNDA:0,_RNvNtCs3BwgzzP6exV_5smelt8pipeline9print_hir
FNDA:0,_RNvNtCs3BwgzzP6exV_5smelt8pipeline9print_mir
FNDA:0,_RNCNvNtCs7GvMynNWAUk_5smelt8pipeline15dump_python_ast0B5_
FNDA:0,_RNCNvNtCs7GvMynNWAUk_5smelt8pipeline16build_rust_crate0B5_
FNDA:0,_RNCNvNtCs7GvMynNWAUk_5smelt8pipeline16build_rust_crates_0B5_
FNDA:0,_RNCNvNtCs7GvMynNWAUk_5smelt8pipeline22lower_to_optimized_mir0B5_
FNDA:2,_RNvNtCs7GvMynNWAUk_5smelt8pipeline14check_manifest
FNDA:0,_RNvNtCs7GvMynNWAUk_5smelt8pipeline15dump_python_ast
FNDA:42,_RNvNtCs7GvMynNWAUk_5smelt8pipeline16build_rust_crate
FNDA:14,_RNvNtCs7GvMynNWAUk_5smelt8pipeline21build_generated_crate
FNDA:69,_RNvNtCs7GvMynNWAUk_5smelt8pipeline22lower_to_optimized_mir
FNDA:2,_RNvNtCs7GvMynNWAUk_5smelt8pipeline9print_hir
FNDA:27,_RNvNtCs7GvMynNWAUk_5smelt8pipeline9print_mir
FNF:11
FNH:6
DA:15,0
DA:16,0
DA:17,0
DA:18,0
DA:19,0
DA:20,0
DA:21,0
DA:23,0
DA:24,0
DA:25,0
DA:26,0
DA:27,0
DA:30,2
DA:31,2
DA:32,2
DA:33,2
DA:34,2
DA:35,2
DA:36,2
DA:37,0
DA:38,2
DA:39,2
DA:40,2
DA:41,2
DA:44,27
DA:45,27
DA:46,27
DA:47,27
DA:48,27
DA:49,27
DA:52,69
DA:53,69
DA:54,69
DA:55,69
DA:56,0
DA:57,0
DA:58,0
DA:60,0
DA:61,69
DA:62,69
DA:63,69
DA:64,0
DA:65,0
DA:66,0
DA:67,0
DA:68,0
DA:69,69
DA:70,69
DA:71,69
DA:74,42
DA:75,42
DA:76,42
DA:77,42
DA:78,42
DA:79,42
DA:80,42
DA:81,42
DA:82,42
DA:83,42
DA:84,42
DA:85,42
DA:86,42
DA:87,42
DA:88,42
DA:89,42
DA:90,42
DA:91,0
DA:93,42
DA:94,14
DA:95,28
DA:97,42
DA:98,42
DA:101,2
DA:102,2
DA:103,2
DA:104,2
DA:105,2
DA:106,2
DA:107,2
DA:108,2
DA:111,14
DA:112,14
DA:113,14
DA:114,14
DA:115,14
DA:116,14
DA:117,14
DA:118,0
DA:120,0
DA:121,0
DA:122,0
DA:123,0
DA:124,0
DA:125,0
DA:126,14
BRDA:36,0,0,0
BRDA:36,0,1,2
BRDA:63,0,0,0
BRDA:63,0,1,69
BRDA:93,0,0,14
BRDA:93,0,1,28
BRDA:116,0,0,14
BRDA:116,0,1,0
BRF:8
BRH:5
LF:101
LH:65
end_of_record
SF:/home/lollo/Playground/smelt/crates/smelt-cli/src/stubs.rs
FN:251,_RNCNvNtCs3BwgzzP6exV_5smelt5stubs11symbol_name0B5_
FN:227,_RNCNvNtCs3BwgzzP6exV_5smelt5stubs21write_python_function0B5_
FN:62,_RNCNvNtCs3BwgzzP6exV_5smelt5stubs22typescript_declaration0B5_
FN:151,_RNCNvNtCs3BwgzzP6exV_5smelt5stubs22typescript_declarations0_0B5_
FN:122,_RNCNvNtCs3BwgzzP6exV_5smelt5stubs22typescript_declarations_0B5_
FN:323,_RNCNvNtCs3BwgzzP6exV_5smelt5stubs7py_type0B5_
FN:331,_RNCNvNtCs3BwgzzP6exV_5smelt5stubs7py_types_0B5_
FN:279,_RNCNvNtCs3BwgzzP6exV_5smelt5stubs7ts_type0B5_
FN:294,_RNCNvNtCs3BwgzzP6exV_5smelt5stubs7ts_types0_0B5_
FN:287,_RNCNvNtCs3BwgzzP6exV_5smelt5stubs7ts_types_0B5_
FN:247,_RNvNtCs3BwgzzP6exV_5smelt5stubs11symbol_name
FN:174,_RNvNtCs3BwgzzP6exV_5smelt5stubs18python_declaration
FN:223,_RNvNtCs3BwgzzP6exV_5smelt5stubs21write_python_function
FN:16,_RNvNtCs3BwgzzP6exV_5smelt5stubs22emit_type_declarations
FN:39,_RNvNtCs3BwgzzP6exV_5smelt5stubs22typescript_declaration
FN:304,_RNvNtCs3BwgzzP6exV_5smelt5stubs7py_type
FN:256,_RNvNtCs3BwgzzP6exV_5smelt5stubs7ts_type
FN:7,_RNvNtCs3BwgzzP6exV_5smelt5stubs8push_fmt
FN:251,_RNCNvNtCs7GvMynNWAUk_5smelt5stubs11symbol_name0B5_
FN:227,_RNCNvNtCs7GvMynNWAUk_5smelt5stubs21write_python_function0B5_
FN:62,_RNCNvNtCs7GvMynNWAUk_5smelt5stubs22typescript_declaration0B5_
FN:151,_RNCNvNtCs7GvMynNWAUk_5smelt5stubs22typescript_declarations0_0B5_
FN:122,_RNCNvNtCs7GvMynNWAUk_5smelt5stubs22typescript_declarations_0B5_
FN:323,_RNCNvNtCs7GvMynNWAUk_5smelt5stubs7py_type0B5_
FN:331,_RNCNvNtCs7GvMynNWAUk_5smelt5stubs7py_types_0B5_
FN:279,_RNCNvNtCs7GvMynNWAUk_5smelt5stubs7ts_type0B5_
FN:294,_RNCNvNtCs7GvMynNWAUk_5smelt5stubs7ts_types0_0B5_
FN:287,_RNCNvNtCs7GvMynNWAUk_5smelt5stubs7ts_types_0B5_
FN:247,_RNvNtCs7GvMynNWAUk_5smelt5stubs11symbol_name
FN:174,_RNvNtCs7GvMynNWAUk_5smelt5stubs18python_declaration
FN:223,_RNvNtCs7GvMynNWAUk_5smelt5stubs21write_python_function
FN:16,_RNvNtCs7GvMynNWAUk_5smelt5stubs22emit_type_declarations
FN:39,_RNvNtCs7GvMynNWAUk_5smelt5stubs22typescript_declaration
FN:304,_RNvNtCs7GvMynNWAUk_5smelt5stubs7py_type
FN:256,_RNvNtCs7GvMynNWAUk_5smelt5stubs7ts_type
FN:7,_RNvNtCs7GvMynNWAUk_5smelt5stubs8push_fmt
FNDA:0,_RNCNvNtCs3BwgzzP6exV_5smelt5stubs11symbol_name0B5_
FNDA:0,_RNCNvNtCs3BwgzzP6exV_5smelt5stubs21write_python_function0B5_
FNDA:0,_RNCNvNtCs3BwgzzP6exV_5smelt5stubs22typescript_declaration0B5_
FNDA:0,_RNCNvNtCs3BwgzzP6exV_5smelt5stubs22typescript_declarations0_0B5_
FNDA:0,_RNCNvNtCs3BwgzzP6exV_5smelt5stubs22typescript_declarations_0B5_
FNDA:0,_RNCNvNtCs3BwgzzP6exV_5smelt5stubs7py_type0B5_
FNDA:0,_RNCNvNtCs3BwgzzP6exV_5smelt5stubs7py_types_0B5_
FNDA:0,_RNCNvNtCs3BwgzzP6exV_5smelt5stubs7ts_type0B5_
FNDA:0,_RNCNvNtCs3BwgzzP6exV_5smelt5stubs7ts_types0_0B5_
FNDA:0,_RNCNvNtCs3BwgzzP6exV_5smelt5stubs7ts_types_0B5_
FNDA:0,_RNvNtCs3BwgzzP6exV_5smelt5stubs11symbol_name
FNDA:0,_RNvNtCs3BwgzzP6exV_5smelt5stubs18python_declaration
FNDA:0,_RNvNtCs3BwgzzP6exV_5smelt5stubs21write_python_function
FNDA:0,_RNvNtCs3BwgzzP6exV_5smelt5stubs22emit_type_declarations
FNDA:0,_RNvNtCs3BwgzzP6exV_5smelt5stubs22typescript_declaration
FNDA:0,_RNvNtCs3BwgzzP6exV_5smelt5stubs7py_type
FNDA:0,_RNvNtCs3BwgzzP6exV_5smelt5stubs7ts_type
FNDA:0,_RNvNtCs3BwgzzP6exV_5smelt5stubs8push_fmt
FNDA:26,_RNCNvNtCs7GvMynNWAUk_5smelt5stubs11symbol_name0B5_
FNDA:26,_RNCNvNtCs7GvMynNWAUk_5smelt5stubs21write_python_function0B5_
FNDA:26,_RNCNvNtCs7GvMynNWAUk_5smelt5stubs22typescript_declaration0B5_
FNDA:0,_RNCNvNtCs7GvMynNWAUk_5smelt5stubs22typescript_declarations0_0B5_
FNDA:1,_RNCNvNtCs7GvMynNWAUk_5smelt5stubs22typescript_declarations_0B5_
FNDA:0,_RNCNvNtCs7GvMynNWAUk_5smelt5stubs7py_type0B5_
FNDA:0,_RNCNvNtCs7GvMynNWAUk_5smelt5stubs7py_types_0B5_
FNDA:0,_RNCNvNtCs7GvMynNWAUk_5smelt5stubs7ts_type0B5_
FNDA:0,_RNCNvNtCs7GvMynNWAUk_5smelt5stubs7ts_types0_0B5_
FNDA:0,_RNCNvNtCs7GvMynNWAUk_5smelt5stubs7ts_types_0B5_
FNDA:151,_RNvNtCs7GvMynNWAUk_5smelt5stubs11symbol_name
FNDA:66,_RNvNtCs7GvMynNWAUk_5smelt5stubs18python_declaration
FNDA:21,_RNvNtCs7GvMynNWAUk_5smelt5stubs21write_python_function
FNDA:44,_RNvNtCs7GvMynNWAUk_5smelt5stubs22emit_type_declarations
FNDA:66,_RNvNtCs7GvMynNWAUk_5smelt5stubs22typescript_declaration
FNDA:60,_RNvNtCs7GvMynNWAUk_5smelt5stubs7py_type
FNDA:68,_RNvNtCs7GvMynNWAUk_5smelt5stubs7ts_type
FNDA:98,_RNvNtCs7GvMynNWAUk_5smelt5stubs8push_fmt
FNF:18
FNH:12
DA:7,98
DA:8,98
DA:9,98
DA:16,44
DA:17,44
DA:18,44
DA:19,44
DA:20,66
DA:21,66
DA:22,66
DA:23,66
DA:24,66
DA:26,66
DA:27,66
DA:28,66
DA:30,44
DA:31,44
DA:39,66
DA:40,66
DA:41,0
DA:43,66
DA:44,0
DA:46,66
DA:47,66
DA:48,70
DA:49,70
DA:50,0
DA:52,70
DA:53,0
DA:55,28
DA:56,28
DA:57,28
DA:59,21
DA:60,21
DA:61,21
DA:62,26
DA:63,26
DA:65,26
DA:66,26
DA:68,26
DA:69,21
DA:70,21
DA:71,21
DA:72,21
DA:73,21
DA:75,21
DA:76,21
DA:80,10
DA:81,10
DA:82,10
DA:83,10
DA:85,10
DA:88,13
DA:89,13
DA:90,13
DA:91,13
DA:92,13
DA:93,13
DA:94,13
DA:95,13
DA:96,13
DA:97,13
DA:98,10
DA:100,4
DA:101,4
DA:102,4
DA:103,4
DA:105,4
DA:108,5
DA:109,5
DA:110,5
DA:111,5
DA:112,5
DA:113,5
DA:114,5
DA:115,5
DA:116,5
DA:117,5
DA:118,4
DA:119,1
DA:120,1
DA:121,1
DA:122,1
DA:123,1
DA:125,1
DA:126,1
DA:128,1
DA:129,1
DA:130,1
DA:131,1
DA:132,1
DA:133,1
DA:135,1
DA:136,1
DA:140,4
DA:142,0
DA:143,0
DA:144,0
DA:146,0
DA:148,0
DA:149,0
DA:150,0
DA:151,0
DA:152,0
DA:153,0
DA:156,0
DA:157,0
DA:158,0
DA:160,0
DA:162,0
DA:166,35
DA:169,66
DA:170,66
DA:174,66
DA:175,66
DA:176,0
DA:178,66
DA:179,0
DA:181,66
DA:182,66
DA:183,70
DA:184,70
DA:185,0
DA:187,70
DA:188,0
DA:190,28
DA:191,28
DA:192,28
DA:193,21
DA:194,21
DA:195,21
DA:196,10
DA:197,10
DA:198,10
DA:199,10
DA:201,10
DA:202,0
DA:203,0
DA:204,13
DA:205,13
DA:206,13
DA:207,13
DA:208,13
DA:209,13
DA:210,13
DA:211,13
DA:212,13
DA:213,13
DA:216,39
DA:219,66
DA:220,66
DA:223,21
DA:224,21
DA:225,21
DA:226,21
DA:227,26
DA:228,26
DA:230,26
DA:231,26
DA:233,26
DA:234,21
DA:235,21
DA:236,21
DA:237,21
DA:238,21
DA:240,21
DA:241,21
DA:244,21
DA:247,151
DA:248,151
DA:249,151
DA:250,151
DA:251,151
DA:252,151
DA:253,151
DA:256,68
DA:257,68
DA:258,0
DA:259,48
DA:260,14
DA:261,0
DA:262,0
DA:263,0
DA:265,5
DA:266,0
DA:267,0
DA:269,0
DA:270,0
DA:272,0
DA:273,0
DA:276,0
DA:277,0
DA:278,0
DA:279,0
DA:280,0
DA:281,0
DA:282,0
DA:284,1
DA:285,0
DA:286,0
DA:287,0
DA:288,0
DA:289,0
DA:290,0
DA:291,0
DA:292,0
DA:293,0
DA:294,0
DA:295,0
DA:296,0
DA:297,0
DA:299,0
DA:301,68
DA:304,60
DA:305,60
DA:306,0
DA:307,9
DA:308,39
DA:309,7
DA:310,0
DA:311,0
DA:312,0
DA:314,5
DA:315,0
DA:316,0
DA:317,0
DA:318,0
DA:320,0
DA:321,0
DA:322,0
DA:323,0
DA:324,0
DA:325,0
DA:326,0
DA:328,0
DA:329,0
DA:330,0
DA:331,0
DA:332,0
DA:333,0
DA:334,0
DA:335,0
DA:337,60
BRDA:40,0,0,66
BRDA:40,0,1,0
BRDA:43,0,0,66
BRDA:43,0,1,0
BRDA:49,0,0,70
BRDA:49,0,1,0
BRDA:52,0,0,70
BRDA:52,0,1,0
BRDA:143,0,0,-
BRDA:143,0,1,-
BRDA:175,0,0,66
BRDA:175,0,1,0
BRDA:178,0,0,66
BRDA:178,0,1,0
BRDA:184,0,0,70
BRDA:184,0,1,0
BRDA:187,0,0,70
BRDA:187,0,1,0
BRDA:201,0,0,1
BRDA:201,0,1,9
BRDA:201,1,2,0
BRDA:201,1,3,1
BRF:22
BRH:11
LF:253
LH:168
end_of_record
SF:/home/lollo/Playground/smelt/crates/smelt-codegen-rust/src/deps.rs
FN:34,_RNvNtCslUDTfF2NOuU_18smelt_codegen_rust4deps10cargo_toml
FN:34,_RNvNtCshkVCuHFFkGJ_18smelt_codegen_rust4deps10cargo_toml
FNDA:42,_RNvNtCslUDTfF2NOuU_18smelt_codegen_rust4deps10cargo_toml
FNDA:6,_RNvNtCshkVCuHFFkGJ_18smelt_codegen_rust4deps10cargo_toml
FNF:1
FNH:1
DA:34,48
DA:35,48
DA:36,48
DA:37,1
DA:38,1
DA:39,1
DA:40,47
DA:41,288
DA:42,288
DA:43,6
DA:44,282
DA:46,48
DA:49,48
BRDA:36,0,0,1
BRDA:36,0,1,47
BRDA:42,0,0,6
BRDA:42,0,1,282
BRF:4
BRH:4
LF:13
LH:13
end_of_record
SF:/home/lollo/Playground/smelt/crates/smelt-codegen-rust/src/emitter/call.rs
FN:7,_RNvMNtNtCslUDTfF2NOuU_18smelt_codegen_rust7emitter4callNtB4_15FunctionEmitter13async_op_text
FN:191,_RNvMNtNtCslUDTfF2NOuU_18smelt_codegen_rust7emitter4callNtB4_15FunctionEmitter16console_arg_text
FN:215,_RNvMNtNtCslUDTfF2NOuU_18smelt_codegen_rust7emitter4callNtB4_15FunctionEmitter16instance_of_text
FN:230,_RNvMNtNtCslUDTfF2NOuU_18smelt_codegen_rust7emitter4callNtB4_15FunctionEmitter23class_extends_or_equals
FN:100,_RNvMNtNtCslUDTfF2NOuU_18smelt_codegen_rust7emitter4callNtB4_15FunctionEmitter9call_text
FN:16,_RNCNvMNtNtCslUDTfF2NOuU_18smelt_codegen_rust7emitter4callNtB6_15FunctionEmitter13async_op_text0B8_
FN:40,_RNCNvMNtNtCslUDTfF2NOuU_18smelt_codegen_rust7emitter4callNtB6_15FunctionEmitter13async_op_texts0_0B8_
FN:28,_RNCNvMNtNtCslUDTfF2NOuU_18smelt_codegen_rust7emitter4callNtB6_15FunctionEmitter13async_op_texts_0B8_
FN:240,_RNCNvMNtNtCslUDTfF2NOuU_18smelt_codegen_rust7emitter4callNtB6_15FunctionEmitter23class_extends_or_equals0B8_
FN:105,_RNCNvMNtNtCslUDTfF2NOuU_18smelt_codegen_rust7emitter4callNtB6_15FunctionEmitter9call_text0B8_
FN:128,_RNCNvMNtNtCslUDTfF2NOuU_18smelt_codegen_rust7emitter4callNtB6_15FunctionEmitter9call_texts1_0B8_
FN:133,_RNCNvMNtNtCslUDTfF2NOuU_18smelt_codegen_rust7emitter4callNtB6_15FunctionEmitter9call_texts2_0B8_
FN:153,_RNCNvMNtNtCslUDTfF2NOuU_18smelt_codegen_rust7emitter4callNtB6_15FunctionEmitter9call_texts3_0B8_
FN:173,_RNCNvMNtNtCslUDTfF2NOuU_18smelt_codegen_rust7emitter4callNtB6_15FunctionEmitter9call_texts4_0B8_
FN:7,_RNvMNtNtCshkVCuHFFkGJ_18smelt_codegen_rust7emitter4callNtB4_15FunctionEmitter13async_op_text
FN:191,_RNvMNtNtCshkVCuHFFkGJ_18smelt_codegen_rust7emitter4callNtB4_15FunctionEmitter16console_arg_text
FN:215,_RNvMNtNtCshkVCuHFFkGJ_18smelt_codegen_rust7emitter4callNtB4_15FunctionEmitter16instance_of_text
FN:230,_RNvMNtNtCshkVCuHFFkGJ_18smelt_codegen_rust7emitter4callNtB4_15FunctionEmitter23class_extends_or_equals
FN:100,_RNvMNtNtCshkVCuHFFkGJ_18smelt_codegen_rust7emitter4callNtB4_15FunctionEmitter9call_text
FN:16,_RNCNvMNtNtCshkVCuHFFkGJ_18smelt_codegen_rust7emitter4callNtB6_15FunctionEmitter13async_op_text0B8_
FN:40,_RNCNvMNtNtCshkVCuHFFkGJ_18smelt_codegen_rust7emitter4callNtB6_15FunctionEmitter13async_op_texts0_0B8_
FN:28,_RNCNvMNtNtCshkVCuHFFkGJ_18smelt_codegen_rust7emitter4callNtB6_15FunctionEmitter13async_op_texts_0B8_
FN:240,_RNCNvMNtNtCshkVCuHFFkGJ_18smelt_codegen_rust7emitter4callNtB6_15FunctionEmitter23class_extends_or_equals0B8_
FN:105,_RNCNvMNtNtCshkVCuHFFkGJ_18smelt_codegen_rust7emitter4callNtB6_15FunctionEmitter9call_text0B8_
FN:128,_RNCNvMNtNtCshkVCuHFFkGJ_18smelt_codegen_rust7emitter4callNtB6_15FunctionEmitter9call_texts1_0B8_
FN:133,_RNCNvMNtNtCshkVCuHFFkGJ_18smelt_codegen_rust7emitter4callNtB6_15FunctionEmitter9call_texts2_0B8_
FN:153,_RNCNvMNtNtCshkVCuHFFkGJ_18smelt_codegen_rust7emitter4callNtB6_15FunctionEmitter9call_texts3_0B8_
FN:173,_RNCNvMNtNtCshkVCuHFFkGJ_18smelt_codegen_rust7emitter4callNtB6_15FunctionEmitter9call_texts4_0B8_
FNDA:0,_RNvMNtNtCslUDTfF2NOuU_18smelt_codegen_rust7emitter4callNtB4_15FunctionEmitter13async_op_text
FNDA:45,_RNvMNtNtCslUDTfF2NOuU_18smelt_codegen_rust7emitter4callNtB4_15FunctionEmitter16console_arg_text
FNDA:0,_RNvMNtNtCslUDTfF2NOuU_18smelt_codegen_rust7emitter4callNtB4_15FunctionEmitter16instance_of_text
FNDA:0,_RNvMNtNtCslUDTfF2NOuU_18smelt_codegen_rust7emitter4callNtB4_15FunctionEmitter23class_extends_or_equals
FNDA:81,_RNvMNtNtCslUDTfF2NOuU_18smelt_codegen_rust7emitter4callNtB4_15FunctionEmitter9call_text
FNDA:0,_RNCNvMNtNtCslUDTfF2NOuU_18smelt_codegen_rust7emitter4callNtB6_15FunctionEmitter13async_op_text0B8_
FNDA:0,_RNCNvMNtNtCslUDTfF2NOuU_18smelt_codegen_rust7emitter4callNtB6_15FunctionEmitter13async_op_texts0_0B8_
FNDA:0,_RNCNvMNtNtCslUDTfF2NOuU_18smelt_codegen_rust7emitter4callNtB6_15FunctionEmitter13async_op_texts_0B8_
FNDA:0,_RNCNvMNtNtCslUDTfF2NOuU_18smelt_codegen_rust7emitter4callNtB6_15FunctionEmitter23class_extends_or_equals0B8_
FNDA:45,_RNCNvMNtNtCslUDTfF2NOuU_18smelt_codegen_rust7emitter4callNtB6_15FunctionEmitter9call_text0B8_
FNDA:0,_RNCNvMNtNtCslUDTfF2NOuU_18smelt_codegen_rust7emitter4callNtB6_15FunctionEmitter9call_texts1_0B8_
FNDA:13,_RNCNvMNtNtCslUDTfF2NOuU_18smelt_codegen_rust7emitter4callNtB6_15FunctionEmitter9call_texts2_0B8_
FNDA:3,_RNCNvMNtNtCslUDTfF2NOuU_18smelt_codegen_rust7emitter4callNtB6_15FunctionEmitter9call_texts3_0B8_
FNDA:29,_RNCNvMNtNtCslUDTfF2NOuU_18smelt_codegen_rust7emitter4callNtB6_15FunctionEmitter9call_texts4_0B8_
FNDA:2,_RNvMNtNtCshkVCuHFFkGJ_18smelt_codegen_rust7emitter4callNtB4_15FunctionEmitter13async_op_text
FNDA:8,_RNvMNtNtCshkVCuHFFkGJ_18smelt_codegen_rust7emitter4callNtB4_15FunctionEmitter16console_arg_text
FNDA:2,_RNvMNtNtCshkVCuHFFkGJ_18smelt_codegen_rust7emitter4callNtB4_15FunctionEmitter16instance_of_text
FNDA:2,_RNvMNtNtCshkVCuHFFkGJ_18smelt_codegen_rust7emitter4callNtB4_15FunctionEmitter23class_extends_or_equals
FNDA:16,_RNvMNtNtCshkVCuHFFkGJ_18smelt_codegen_rust7emitter4callNtB4_15FunctionEmitter9call_text
FNDA:2,_RNCNvMNtNtCshkVCuHFFkGJ_18smelt_codegen_rust7emitter4callNtB6_15FunctionEmitter13async_op_text0B8_
FNDA:0,_RNCNvMNtNtCshkVCuHFFkGJ_18smelt_codegen_rust7emitter4callNtB6_15FunctionEmitter13async_op_texts0_0B8_
FNDA:0,_RNCNvMNtNtCshkVCuHFFkGJ_18smelt_codegen_rust7emitter4callNtB6_15FunctionEmitter13async_op_texts_0B8_
FNDA:1,_RNCNvMNtNtCshkVCuHFFkGJ_18smelt_codegen_rust7emitter4callNtB6_15FunctionEmitter23class_extends_or_equals0B8_
FNDA:8,_RNCNvMNtNtCshkVCuHFFkGJ_18smelt_codegen_rust7emitter4callNtB6_15FunctionEmitter9call_text0B8_
FNDA:0,_RNCNvMNtNtCshkVCuHFFkGJ_18smelt_codegen_rust7emitter4callNtB6_15FunctionEmitter9call_texts1_0B8_
FNDA:0,_RNCNvMNtNtCshkVCuHFFkGJ_18smelt_codegen_rust7emitter4callNtB6_15FunctionEmitter9call_texts2_0B8_
FNDA:0,_RNCNvMNtNtCshkVCuHFFkGJ_18smelt_codegen_rust7emitter4callNtB6_15FunctionEmitter9call_texts3_0B8_
FNDA:8,_RNCNvMNtNtCshkVCuHFFkGJ_18smelt_codegen_rust7emitter4callNtB6_15FunctionEmitter9call_texts4_0B8_
FNF:14
FNH:11
DA:7,2
DA:8,2
DA:9,2
DA:10,2
DA:11,2
DA:12,2
DA:14,1
DA:15,1
DA:16,2
DA:17,1
DA:18,1
DA:19,1
DA:20,0
DA:21,1
DA:23,1
DA:26,0
DA:27,0
DA:28,0
DA:29,0
DA:30,0
DA:31,0
DA:32,0
DA:33,0
DA:34,0
DA:36,0
DA:38,0
DA:39,0
DA:40,0
DA:41,0
DA:42,0
DA:43,0
DA:46,0
DA:49,0
DA:50,0
DA:52,0
DA:54,0
DA:58,0
DA:59,0
DA:60,0
DA:61,0
DA:63,0
DA:64,0
DA:65,0
DA:66,0
DA:69,0
DA:70,0
DA:71,0
DA:72,0
DA:74,0
DA:75,0
DA:77,0
DA:81,1
DA:82,0
DA:84,0
DA:85,1
DA:88,0
DA:89,1
DA:90,1
DA:92,1
DA:96,2
DA:100,97
DA:101,97
DA:103,49
DA:104,49
DA:105,53
DA:106,49
DA:107,49
DA:108,0
DA:110,49
DA:111,49
DA:112,49
DA:113,49
DA:114,49
DA:115,49
DA:116,49
DA:117,49
DA:118,49
DA:119,49
DA:120,49
DA:123,48
DA:124,48
DA:125,48
DA:126,48
DA:127,48
DA:128,48
DA:129,48
DA:130,11
DA:131,11
DA:132,11
DA:133,13
DA:134,11
DA:135,11
DA:136,11
DA:137,11
DA:138,11
DA:139,11
DA:140,37
DA:141,37
DA:142,9
DA:143,0
DA:145,9
DA:146,9
DA:148,0
DA:151,9
DA:152,9
DA:153,9
DA:154,9
DA:155,9
DA:156,9
DA:157,9
DA:158,6
DA:159,6
DA:160,6
DA:161,6
DA:163,3
DA:164,3
DA:165,3
DA:166,3
DA:168,28
DA:169,28
DA:170,28
DA:171,28
DA:172,28
DA:173,37
DA:174,37
DA:175,37
DA:176,37
DA:177,28
DA:178,28
DA:179,28
DA:180,28
DA:181,28
DA:182,28
DA:183,28
DA:185,0
DA:187,97
DA:191,53
DA:192,53
DA:193,53
DA:194,53
DA:195,53
DA:196,1
DA:197,50
DA:198,52
DA:201,2
DA:203,50
DA:205,53
DA:215,2
DA:216,2
DA:217,2
DA:218,2
DA:219,2
DA:220,2
DA:221,2
DA:222,2
DA:223,0
DA:225,2
DA:226,2
DA:230,2
DA:231,2
DA:232,3
DA:233,2
DA:234,1
DA:235,1
DA:236,1
DA:237,1
DA:238,1
DA:239,1
DA:240,1
DA:241,1
DA:243,1
DA:244,2
BRDA:49,0,0,-
BRDA:49,0,1,-
BRDA:58,0,0,-
BRDA:58,0,1,-
BRDA:69,0,0,-
BRDA:69,0,1,-
BRDA:81,0,0,1
BRDA:81,0,1,0
BRDA:84,0,0,0
BRDA:84,0,1,1
BRDA:107,0,0,0
BRDA:107,0,1,49
BRDA:129,0,0,11
BRDA:129,0,1,37
BRDA:141,0,0,9
BRDA:141,0,1,28
BRDA:142,0,0,9
BRDA:142,0,1,0
BRDA:157,0,0,6
BRDA:157,0,1,3
BRDA:195,0,0,1
BRDA:195,0,1,52
BRDA:232,0,0,2
BRDA:232,0,1,1
BRDA:233,0,0,1
BRDA:233,0,1,1
BRF:26
BRH:16
LF:181
LH:133
end_of_record
SF:/home/lollo/Playground/smelt/crates/smelt-codegen-rust/src/emitter/call_runtime.rs
FN:7,_RNvMNtNtCslUDTfF2NOuU_18smelt_codegen_rust7emitter12call_runtimeNtB4_15FunctionEmitter11rvalue_text
FN:393,_RNvMNtNtCslUDTfF2NOuU_18smelt_codegen_rust7emitter12call_runtimeNtB4_15FunctionEmitter13http_get_text
FN:408,_RNvMNtNtCslUDTfF2NOuU_18smelt_codegen_rust7emitter12call_runtimeNtB4_15FunctionEmitter18await_operand_text
FN:13,_RNvMNtNtCslUDTfF2NOuU_18smelt_codegen_rust7emitter12call_runtimeNtB4_15FunctionEmitter20rvalue_text_for_dest
FN:373,_RNvMNtNtCslUDTfF2NOuU_18smelt_codegen_rust7emitter12call_runtimeNtB4_15FunctionEmitter26validate_set_item_operands
FN:353,_RNvMNtNtCslUDTfF2NOuU_18smelt_codegen_rust7emitter12call_runtimeNtB4_15FunctionEmitter26validate_set_pair_operands
FN:23,_RNCNvMNtNtCslUDTfF2NOuU_18smelt_codegen_rust7emitter12call_runtimeNtB6_15FunctionEmitter20rvalue_text_for_dest0B8_
FN:39,_RNCNvMNtNtCslUDTfF2NOuU_18smelt_codegen_rust7emitter12call_runtimeNtB6_15FunctionEmitter20rvalue_text_for_dests0_0B8_
FN:55,_RNCNvMNtNtCslUDTfF2NOuU_18smelt_codegen_rust7emitter12call_runtimeNtB6_15FunctionEmitter20rvalue_text_for_dests1_0B8_
FN:126,_RNCNvMNtNtCslUDTfF2NOuU_18smelt_codegen_rust7emitter12call_runtimeNtB6_15FunctionEmitter20rvalue_text_for_dests2_0B8_
FN:127,_RNCNvMNtNtCslUDTfF2NOuU_18smelt_codegen_rust7emitter12call_runtimeNtB6_15FunctionEmitter20rvalue_text_for_dests3_0B8_
FN:133,_RNCNvMNtNtCslUDTfF2NOuU_18smelt_codegen_rust7emitter12call_runtimeNtB6_15FunctionEmitter20rvalue_text_for_dests4_0B8_
FN:31,_RNCNvMNtNtCslUDTfF2NOuU_18smelt_codegen_rust7emitter12call_runtimeNtB6_15FunctionEmitter20rvalue_text_for_dests_0B8_
FN:7,_RNvMNtNtCshkVCuHFFkGJ_18smelt_codegen_rust7emitter12call_runtimeNtB4_15FunctionEmitter11rvalue_text
FN:393,_RNvMNtNtCshkVCuHFFkGJ_18smelt_codegen_rust7emitter12call_runtimeNtB4_15FunctionEmitter13http_get_text
FN:408,_RNvMNtNtCshkVCuHFFkGJ_18smelt_codegen_rust7emitter12call_runtimeNtB4_15FunctionEmitter18await_operand_text
FN:13,_RNvMNtNtCshkVCuHFFkGJ_18smelt_codegen_rust7emitter12call_runtimeNtB4_15FunctionEmitter20rvalue_text_for_dest
FN:373,_RNvMNtNtCshkVCuHFFkGJ_18smelt_codegen_rust7emitter12call_runtimeNtB4_15FunctionEmitter26validate_set_item_operands
FN:353,_RNvMNtNtCshkVCuHFFkGJ_18smelt_codegen_rust7emitter12call_runtimeNtB4_15FunctionEmitter26validate_set_pair_operands
FN:23,_RNCNvMNtNtCshkVCuHFFkGJ_18smelt_codegen_rust7emitter12call_runtimeNtB6_15FunctionEmitter20rvalue_text_for_dest0B8_
FN:39,_RNCNvMNtNtCshkVCuHFFkGJ_18smelt_codegen_rust7emitter12call_runtimeNtB6_15FunctionEmitter20rvalue_text_for_dests0_0B8_
FN:55,_RNCNvMNtNtCshkVCuHFFkGJ_18smelt_codegen_rust7emitter12call_runtimeNtB6_15FunctionEmitter20rvalue_text_for_dests1_0B8_
FN:126,_RNCNvMNtNtCshkVCuHFFkGJ_18smelt_codegen_rust7emitter12call_runtimeNtB6_15FunctionEmitter20rvalue_text_for_dests2_0B8_
FN:127,_RNCNvMNtNtCshkVCuHFFkGJ_18smelt_codegen_rust7emitter12call_runtimeNtB6_15FunctionEmitter20rvalue_text_for_dests3_0B8_
FN:133,_RNCNvMNtNtCshkVCuHFFkGJ_18smelt_codegen_rust7emitter12call_runtimeNtB6_15FunctionEmitter20rvalue_text_for_dests4_0B8_
FN:31,_RNCNvMNtNtCshkVCuHFFkGJ_18smelt_codegen_rust7emitter12call_runtimeNtB6_15FunctionEmitter20rvalue_text_for_dests_0B8_
FNDA:30,_RNvMNtNtCslUDTfF2NOuU_18smelt_codegen_rust7emitter12call_runtimeNtB4_15FunctionEmitter11rvalue_text
FNDA:0,_RNvMNtNtCslUDTfF2NOuU_18smelt_codegen_rust7emitter12call_runtimeNtB4_15FunctionEmitter13http_get_text
FNDA:0,_RNvMNtNtCslUDTfF2NOuU_18smelt_codegen_rust7emitter12call_runtimeNtB4_15FunctionEmitter18await_operand_text
FNDA:150,_RNvMNtNtCslUDTfF2NOuU_18smelt_codegen_rust7emitter12call_runtimeNtB4_15FunctionEmitter20rvalue_text_for_dest
FNDA:0,_RNvMNtNtCslUDTfF2NOuU_18smelt_codegen_rust7emitter12call_runtimeNtB4_15FunctionEmitter26validate_set_item_operands
FNDA:0,_RNvMNtNtCslUDTfF2NOuU_18smelt_codegen_rust7emitter12call_runtimeNtB4_15FunctionEmitter26validate_set_pair_operands
FNDA:12,_RNCNvMNtNtCslUDTfF2NOuU_18smelt_codegen_rust7emitter12call_runtimeNtB6_15FunctionEmitter20rvalue_text_for_dest0B8_
FNDA:4,_RNCNvMNtNtCslUDTfF2NOuU_18smelt_codegen_rust7emitter12call_runtimeNtB6_15FunctionEmitter20rvalue_text_for_dests0_0B8_
FNDA:2,_RNCNvMNtNtCslUDTfF2NOuU_18smelt_codegen_rust7emitter12call_runtimeNtB6_15FunctionEmitter20rvalue_text_for_dests1_0B8_
FNDA:10,_RNCNvMNtNtCslUDTfF2NOuU_18smelt_codegen_rust7emitter12call_runtimeNtB6_15FunctionEmitter20rvalue_text_for_dests2_0B8_
FNDA:0,_RNCNvMNtNtCslUDTfF2NOuU_18smelt_codegen_rust7emitter12call_runtimeNtB6_15FunctionEmitter20rvalue_text_for_dests3_0B8_
FNDA:0,_RNCNvMNtNtCslUDTfF2NOuU_18smelt_codegen_rust7emitter12call_runtimeNtB6_15FunctionEmitter20rvalue_text_for_dests4_0B8_
FNDA:0,_RNCNvMNtNtCslUDTfF2NOuU_18smelt_codegen_rust7emitter12call_runtimeNtB6_15FunctionEmitter20rvalue_text_for_dests_0B8_
FNDA:24,_RNvMNtNtCshkVCuHFFkGJ_18smelt_codegen_rust7emitter12call_runtimeNtB4_15FunctionEmitter11rvalue_text
FNDA:1,_RNvMNtNtCshkVCuHFFkGJ_18smelt_codegen_rust7emitter12call_runtimeNtB4_15FunctionEmitter13http_get_text
FNDA:5,_RNvMNtNtCshkVCuHFFkGJ_18smelt_codegen_rust7emitter12call_runtimeNtB4_15FunctionEmitter18await_operand_text
FNDA:901,_RNvMNtNtCshkVCuHFFkGJ_18smelt_codegen_rust7emitter12call_runtimeNtB4_15FunctionEmitter20rvalue_text_for_dest
FNDA:5,_RNvMNtNtCshkVCuHFFkGJ_18smelt_codegen_rust7emitter12call_runtimeNtB4_15FunctionEmitter26validate_set_item_operands
FNDA:3,_RNvMNtNtCshkVCuHFFkGJ_18smelt_codegen_rust7emitter12call_runtimeNtB4_15FunctionEmitter26validate_set_pair_operands
FNDA:132,_RNCNvMNtNtCshkVCuHFFkGJ_18smelt_codegen_rust7emitter12call_runtimeNtB6_15FunctionEmitter20rvalue_text_for_dest0B8_
FNDA:29,_RNCNvMNtNtCshkVCuHFFkGJ_18smelt_codegen_rust7emitter12call_runtimeNtB6_15FunctionEmitter20rvalue_text_for_dests0_0B8_
FNDA:12,_RNCNvMNtNtCshkVCuHFFkGJ_18smelt_codegen_rust7emitter12call_runtimeNtB6_15FunctionEmitter20rvalue_text_for_dests1_0B8_
FNDA:3,_RNCNvMNtNtCshkVCuHFFkGJ_18smelt_codegen_rust7emitter12call_runtimeNtB6_15FunctionEmitter20rvalue_text_for_dests2_0B8_
FNDA:0,_RNCNvMNtNtCshkVCuHFFkGJ_18smelt_codegen_rust7emitter12call_runtimeNtB6_15FunctionEmitter20rvalue_text_for_dests3_0B8_
FNDA:0,_RNCNvMNtNtCshkVCuHFFkGJ_18smelt_codegen_rust7emitter12call_runtimeNtB6_15FunctionEmitter20rvalue_text_for_dests4_0B8_
FNDA:27,_RNCNvMNtNtCshkVCuHFFkGJ_18smelt_codegen_rust7emitter12call_runtimeNtB6_15FunctionEmitter20rvalue_text_for_dests_0B8_
FNF:13
FNH:11
DA:7,54
DA:8,54
DA:9,54
DA:13,1051
DA:14,1051
DA:15,1051
DA:16,1051
DA:17,1051
DA:18,1051
DA:19,516
DA:20,62
DA:21,62
DA:22,62
DA:23,144
DA:24,62
DA:25,62
DA:26,62
DA:28,15
DA:29,15
DA:30,15
DA:31,27
DA:32,15
DA:33,15
DA:34,15
DA:36,31
DA:37,31
DA:38,31
DA:39,33
DA:40,33
DA:42,33
DA:43,33
DA:45,33
DA:46,31
DA:47,31
DA:48,31
DA:49,31
DA:50,31
DA:52,7
DA:53,7
DA:54,7
DA:55,14
DA:56,7
DA:57,7
DA:58,7
DA:59,0
DA:60,7
DA:61,0
DA:63,7
DA:66,80
DA:67,80
DA:68,36
DA:69,40
DA:73,4
DA:74,4
DA:75,4
DA:78,4
DA:80,0
DA:82,4
DA:83,76
DA:84,76
DA:86,76
DA:87,76
DA:88,76
DA:91,24
DA:92,24
DA:93,9
DA:94,15
DA:96,24
DA:99,1
DA:100,1
DA:101,1
DA:102,1
DA:104,1
DA:105,1
DA:106,1
DA:109,2
DA:110,2
DA:111,2
DA:113,2
DA:114,2
DA:115,2
DA:117,2
DA:118,2
DA:119,2
DA:120,12
DA:121,12
DA:122,12
DA:123,12
DA:124,12
DA:125,12
DA:126,13
DA:127,12
DA:128,12
DA:129,13
DA:130,13
DA:131,13
DA:132,13
DA:133,13
DA:135,0
DA:137,13
DA:140,12
DA:142,12
DA:143,1
DA:144,9
DA:145,2
DA:146,1
DA:147,4
DA:148,14
DA:149,2
DA:150,2
DA:151,2
DA:152,1
DA:153,14
DA:154,14
DA:156,2
DA:157,3
DA:159,2
DA:160,2
DA:161,2
DA:162,2
DA:164,4
DA:165,4
DA:166,4
DA:167,4
DA:169,2
DA:170,2
DA:171,2
DA:172,2
DA:173,2
DA:175,2
DA:176,2
DA:177,2
DA:178,2
DA:179,1
DA:181,2
DA:182,2
DA:183,2
DA:184,2
DA:185,2
DA:186,3
DA:188,6
DA:189,6
DA:190,6
DA:191,6
DA:193,4
DA:194,4
DA:195,4
DA:196,4
DA:197,4
DA:198,1
DA:199,1
DA:200,1
DA:201,1
DA:203,1
DA:204,1
DA:207,8
DA:208,8
DA:209,8
DA:210,8
DA:211,3
DA:212,2
DA:213,1
DA:214,2
DA:215,2
DA:216,3
DA:217,2
DA:218,2
DA:219,1
DA:220,1
DA:221,4
DA:222,4
DA:224,8
DA:225,1
DA:226,2
DA:227,16
DA:228,16
DA:231,2
DA:232,2
DA:233,2
DA:234,2
DA:235,8
DA:236,8
DA:239,2
DA:240,2
DA:241,2
DA:242,2
DA:243,2
DA:244,2
DA:246,1
DA:247,1
DA:248,1
DA:249,1
DA:250,1
DA:252,1
DA:253,1
DA:254,1
DA:255,1
DA:256,1
DA:258,1
DA:259,1
DA:260,1
DA:261,1
DA:262,1
DA:263,3
DA:264,3
DA:265,1
DA:266,1
DA:267,1
DA:269,3
DA:270,3
DA:271,1
DA:272,3
DA:273,1
DA:274,1
DA:275,1
DA:276,1
DA:277,2
DA:278,2
DA:279,2
DA:280,2
DA:281,3
DA:282,2
DA:283,4
DA:284,4
DA:286,1
DA:287,1
DA:288,1
DA:289,6
DA:290,6
DA:292,3
DA:293,2
DA:294,1
DA:295,4
DA:296,2
DA:297,2
DA:299,5
DA:301,1
DA:302,1
DA:303,1
DA:304,1
DA:305,1
DA:306,3
DA:307,3
DA:309,1
DA:310,1
DA:312,2
DA:313,2
DA:314,2
DA:316,1
DA:317,1
DA:318,1
DA:320,2
DA:321,14
DA:323,1
DA:324,1
DA:325,1
DA:326,3
DA:327,2
DA:328,2
DA:330,2
DA:331,1
DA:332,1
DA:333,1
DA:334,2
DA:335,6
DA:336,6
DA:339,3
DA:340,3
DA:341,3
DA:342,3
DA:343,2
DA:344,1
DA:345,1
DA:346,3
DA:347,2
DA:349,1051
DA:353,3
DA:354,3
DA:355,3
DA:356,3
DA:357,3
DA:358,3
DA:359,3
DA:360,3
DA:361,0
DA:362,0
DA:363,0
DA:364,3
DA:365,3
DA:366,0
DA:367,3
DA:368,3
DA:369,3
DA:373,5
DA:374,5
DA:375,5
DA:376,5
DA:377,5
DA:378,5
DA:379,5
DA:380,5
DA:381,0
DA:383,5
DA:384,0
DA:385,0
DA:386,0
DA:387,5
DA:388,5
DA:389,5
DA:393,1
DA:394,0
DA:395,1
DA:398,0
DA:399,1
DA:400,1
DA:402,1
DA:404,1
DA:408,5
DA:409,5
DA:410,5
DA:411,0
DA:413,5
BRDA:58,0,0,0
BRDA:58,0,1,7
BRDA:60,0,0,0
BRDA:60,0,1,7
BRDA:67,0,0,40
BRDA:67,0,1,40
BRDA:131,0,0,0
BRDA:131,0,1,13
BRDA:360,0,0,0
BRDA:360,0,1,3
BRDA:365,0,0,0
BRDA:365,0,1,3
BRDA:380,0,0,5
BRDA:380,0,1,0
BRDA:383,0,0,0
BRDA:383,0,1,5
BRDA:394,0,0,0
BRDA:394,0,1,1
BRF:18
BRH:10
LF:329
LH:307
end_of_record
SF:/home/lollo/Playground/smelt/crates/smelt-codegen-rust/src/emitter/control_flow.rs
FN:7,_RNvMNtNtCslUDTfF2NOuU_18smelt_codegen_rust7emitter12control_flowNtB4_15FunctionEmitter10emit_block
FN:233,_RNvMNtNtCslUDTfF2NOuU_18smelt_codegen_rust7emitter12control_flowNtB4_15FunctionEmitter11emit_switch
FN:327,_RNvMNtNtCslUDTfF2NOuU_18smelt_codegen_rust7emitter12control_flowNtB4_15FunctionEmitter12while_header
FN:56,_RNvMNtNtCslUDTfF2NOuU_18smelt_codegen_rust7emitter12control_flowNtB4_15FunctionEmitter14emit_statement
FN:142,_RNvMNtNtCslUDTfF2NOuU_18smelt_codegen_rust7emitter12control_flowNtB4_15FunctionEmitter15emit_terminator
FN:487,_RNvMNtNtCslUDTfF2NOuU_18smelt_codegen_rust7emitter12control_flowNtB4_15FunctionEmitter16emit_loop_branch
FN:365,_RNvMNtNtCslUDTfF2NOuU_18smelt_codegen_rust7emitter12control_flowNtB4_15FunctionEmitter19block_exits_to_loop
FN:452,_RNvMNtNtCslUDTfF2NOuU_18smelt_codegen_rust7emitter12control_flowNtB4_15FunctionEmitter21emit_block_until_goto
FN:400,_RNvMNtNtCslUDTfF2NOuU_18smelt_codegen_rust7emitter12control_flowNtB4_15FunctionEmitter23while_header_with_latch
FN:88,_RNvMNtNtCslUDTfF2NOuU_18smelt_codegen_rust7emitter12control_flowNtB4_15FunctionEmitter27emit_assign_place_statement
FN:348,_RNCNvMNtNtCslUDTfF2NOuU_18smelt_codegen_rust7emitter12control_flowNtB6_15FunctionEmitter12while_header0B8_
FN:434,_RNCNvMNtNtCslUDTfF2NOuU_18smelt_codegen_rust7emitter12control_flowNtB6_15FunctionEmitter23while_header_with_latch0B8_
FN:348,_RNCNvMNtNtCshkVCuHFFkGJ_18smelt_codegen_rust7emitter12control_flowNtB6_15FunctionEmitter12while_header0B8_
FN:434,_RNCNvMNtNtCshkVCuHFFkGJ_18smelt_codegen_rust7emitter12control_flowNtB6_15FunctionEmitter23while_header_with_latch0B8_
FN:7,_RNvMNtNtCshkVCuHFFkGJ_18smelt_codegen_rust7emitter12control_flowNtB4_15FunctionEmitter10emit_block
FN:233,_RNvMNtNtCshkVCuHFFkGJ_18smelt_codegen_rust7emitter12control_flowNtB4_15FunctionEmitter11emit_switch
FN:327,_RNvMNtNtCshkVCuHFFkGJ_18smelt_codegen_rust7emitter12control_flowNtB4_15FunctionEmitter12while_header
FN:56,_RNvMNtNtCshkVCuHFFkGJ_18smelt_codegen_rust7emitter12control_flowNtB4_15FunctionEmitter14emit_statement
FN:142,_RNvMNtNtCshkVCuHFFkGJ_18smelt_codegen_rust7emitter12control_flowNtB4_15FunctionEmitter15emit_terminator
FN:487,_RNvMNtNtCshkVCuHFFkGJ_18smelt_codegen_rust7emitter12control_flowNtB4_15FunctionEmitter16emit_loop_branch
FN:365,_RNvMNtNtCshkVCuHFFkGJ_18smelt_codegen_rust7emitter12control_flowNtB4_15FunctionEmitter19block_exits_to_loop
FN:452,_RNvMNtNtCshkVCuHFFkGJ_18smelt_codegen_rust7emitter12control_flowNtB4_15FunctionEmitter21emit_block_until_goto
FN:400,_RNvMNtNtCshkVCuHFFkGJ_18smelt_codegen_rust7emitter12control_flowNtB4_15FunctionEmitter23while_header_with_latch
FN:88,_RNvMNtNtCshkVCuHFFkGJ_18smelt_codegen_rust7emitter12control_flowNtB4_15FunctionEmitter27emit_assign_place_statement
FNDA:207,_RNvMNtNtCslUDTfF2NOuU_18smelt_codegen_rust7emitter12control_flowNtB4_15FunctionEmitter10emit_block
FNDA:10,_RNvMNtNtCslUDTfF2NOuU_18smelt_codegen_rust7emitter12control_flowNtB4_15FunctionEmitter11emit_switch
FNDA:207,_RNvMNtNtCslUDTfF2NOuU_18smelt_codegen_rust7emitter12control_flowNtB4_15FunctionEmitter12while_header
FNDA:146,_RNvMNtNtCslUDTfF2NOuU_18smelt_codegen_rust7emitter12control_flowNtB4_15FunctionEmitter14emit_statement
FNDA:203,_RNvMNtNtCslUDTfF2NOuU_18smelt_codegen_rust7emitter12control_flowNtB4_15FunctionEmitter15emit_terminator
FNDA:2,_RNvMNtNtCslUDTfF2NOuU_18smelt_codegen_rust7emitter12control_flowNtB4_15FunctionEmitter16emit_loop_branch
FNDA:16,_RNvMNtNtCslUDTfF2NOuU_18smelt_codegen_rust7emitter12control_flowNtB4_15FunctionEmitter19block_exits_to_loop
FNDA:4,_RNvMNtNtCslUDTfF2NOuU_18smelt_codegen_rust7emitter12control_flowNtB4_15FunctionEmitter21emit_block_until_goto
FNDA:204,_RNvMNtNtCslUDTfF2NOuU_18smelt_codegen_rust7emitter12control_flowNtB4_15FunctionEmitter23while_header_with_latch
FNDA:26,_RNvMNtNtCslUDTfF2NOuU_18smelt_codegen_rust7emitter12control_flowNtB4_15FunctionEmitter27emit_assign_place_statement
FNDA:3,_RNCNvMNtNtCslUDTfF2NOuU_18smelt_codegen_rust7emitter12control_flowNtB6_15FunctionEmitter12while_header0B8_
FNDA:1,_RNCNvMNtNtCslUDTfF2NOuU_18smelt_codegen_rust7emitter12control_flowNtB6_15FunctionEmitter23while_header_with_latch0B8_
FNDA:0,_RNCNvMNtNtCshkVCuHFFkGJ_18smelt_codegen_rust7emitter12control_flowNtB6_15FunctionEmitter12while_header0B8_
FNDA:6,_RNCNvMNtNtCshkVCuHFFkGJ_18smelt_codegen_rust7emitter12control_flowNtB6_15FunctionEmitter23while_header_with_latch0B8_
FNDA:200,_RNvMNtNtCshkVCuHFFkGJ_18smelt_codegen_rust7emitter12control_flowNtB4_15FunctionEmitter10emit_block
FNDA:13,_RNvMNtNtCshkVCuHFFkGJ_18smelt_codegen_rust7emitter12control_flowNtB4_15FunctionEmitter11emit_switch
FNDA:200,_RNvMNtNtCshkVCuHFFkGJ_18smelt_codegen_rust7emitter12control_flowNtB4_15FunctionEmitter12while_header
FNDA:895,_RNvMNtNtCshkVCuHFFkGJ_18smelt_codegen_rust7emitter12control_flowNtB4_15FunctionEmitter14emit_statement
FNDA:197,_RNvMNtNtCshkVCuHFFkGJ_18smelt_codegen_rust7emitter12control_flowNtB4_15FunctionEmitter15emit_terminator
FNDA:0,_RNvMNtNtCshkVCuHFFkGJ_18smelt_codegen_rust7emitter12control_flowNtB4_15FunctionEmitter16emit_loop_branch
FNDA:19,_RNvMNtNtCshkVCuHFFkGJ_18smelt_codegen_rust7emitter12control_flowNtB4_15FunctionEmitter19block_exits_to_loop
FNDA:6,_RNvMNtNtCshkVCuHFFkGJ_18smelt_codegen_rust7emitter12control_flowNtB4_15FunctionEmitter21emit_block_until_goto
FNDA:200,_RNvMNtNtCshkVCuHFFkGJ_18smelt_codegen_rust7emitter12control_flowNtB4_15FunctionEmitter23while_header_with_latch
FNDA:18,_RNvMNtNtCshkVCuHFFkGJ_18smelt_codegen_rust7emitter12control_flowNtB4_15FunctionEmitter27emit_assign_place_statement
FNF:12
FNH:12
DA:7,407
DA:8,3
DA:9,407
DA:11,9
DA:12,9
DA:13,6
DA:14,3
DA:16,3
DA:17,3
DA:18,3
DA:19,3
DA:20,3
DA:21,3
DA:22,404
DA:24,7
DA:25,404
DA:27,14
DA:28,14
DA:29,7
DA:30,7
DA:32,7
DA:33,7
DA:34,7
DA:35,7
DA:36,7
DA:37,7
DA:38,7
DA:40,7
DA:41,7
DA:42,397
DA:44,986
DA:45,986
DA:48,397
DA:49,0
DA:51,397
DA:52,407
DA:56,1041
DA:57,1041
DA:58,1041
DA:59,1041
DA:60,1041
DA:61,1041
DA:62,997
DA:63,997
DA:64,997
DA:65,997
DA:66,997
DA:67,937
DA:69,75
DA:71,922
DA:73,997
DA:75,997
DA:77,997
DA:79,44
DA:80,44
DA:82,0
DA:84,1041
DA:88,44
DA:89,44
DA:90,44
DA:91,44
DA:92,44
DA:93,44
DA:94,44
DA:95,44
DA:96,15
DA:97,15
DA:98,15
DA:99,1
DA:101,1
DA:103,1
DA:104,1
DA:106,1
DA:107,14
DA:109,2
DA:110,2
DA:111,2
DA:113,1
DA:115,1
DA:116,1
DA:118,1
DA:121,1
DA:122,1
DA:123,1
DA:124,1
DA:125,1
DA:126,1
DA:127,1
DA:129,0
DA:132,27
DA:135,41
DA:136,41
DA:137,41
DA:138,44
DA:142,400
DA:143,400
DA:144,400
DA:145,400
DA:146,400
DA:147,400
DA:148,400
DA:149,13
DA:151,97
DA:152,97
DA:153,97
DA:154,97
DA:156,97
DA:157,97
DA:158,97
DA:159,97
DA:160,96
DA:162,12
DA:164,85
DA:166,97
DA:167,3
DA:168,3
DA:169,94
DA:171,94
DA:174,97
DA:177,23
DA:178,23
DA:179,23
DA:180,23
DA:182,2
DA:183,2
DA:184,2
DA:185,2
DA:186,242
DA:187,242
DA:188,12
DA:189,0
DA:191,0
DA:194,12
DA:196,230
DA:197,11
DA:198,11
DA:199,11
DA:200,0
DA:202,0
DA:205,219
DA:206,175
DA:207,0
DA:208,175
DA:210,44
DA:212,44
DA:215,242
DA:217,23
DA:218,23
DA:220,23
DA:222,23
DA:225,0
DA:226,0
DA:229,400
DA:233,23
DA:234,23
DA:235,23
DA:236,23
DA:237,23
DA:238,23
DA:239,23
DA:240,23
DA:241,23
DA:242,23
DA:244,0
DA:245,0
DA:246,0
DA:247,0
DA:248,0
DA:249,23
DA:251,0
DA:252,0
DA:253,0
DA:254,0
DA:255,0
DA:256,23
DA:258,0
DA:259,23
DA:260,0
DA:262,0
DA:263,0
DA:264,0
DA:265,0
DA:266,0
DA:267,0
DA:268,23
DA:270,0
DA:271,23
DA:272,0
DA:274,0
DA:275,0
DA:276,0
DA:278,0
DA:279,0
DA:280,0
DA:281,0
DA:282,0
DA:283,0
DA:284,0
DA:285,0
DA:286,23
DA:288,23
DA:289,0
DA:290,0
DA:291,0
DA:293,0
DA:294,0
DA:295,0
DA:296,0
DA:297,0
DA:298,0
DA:299,0
DA:300,0
DA:301,0
DA:302,23
DA:304,23
DA:305,11
DA:306,11
DA:307,11
DA:308,11
DA:309,11
DA:310,11
DA:311,12
DA:313,12
DA:314,12
DA:315,12
DA:316,12
DA:317,12
DA:318,0
DA:320,0
DA:321,0
DA:322,0
DA:323,23
DA:327,407
DA:328,407
DA:329,407
DA:330,407
DA:332,33
DA:333,33
DA:334,33
DA:335,33
DA:337,374
DA:339,33
DA:340,33
DA:341,30
DA:342,3
DA:343,3
DA:344,3
DA:345,3
DA:346,3
DA:347,3
DA:348,3
DA:350,0
DA:352,3
DA:353,0
DA:354,3
DA:356,3
DA:357,3
DA:358,3
DA:359,3
DA:361,407
DA:365,35
DA:366,35
DA:367,35
DA:368,35
DA:369,35
DA:370,35
DA:371,35
DA:372,35
DA:373,0
DA:374,35
DA:375,35
DA:376,11
DA:377,11
DA:380,1
DA:381,1
DA:383,1
DA:384,1
DA:385,1
DA:386,1
DA:387,1
DA:388,1
DA:389,1
DA:390,1
DA:391,1
DA:392,1
DA:393,0
DA:394,23
DA:396,35
DA:400,404
DA:401,404
DA:402,404
DA:403,404
DA:404,404
DA:405,404
DA:406,404
DA:407,404
DA:408,404
DA:409,404
DA:410,404
DA:411,404
DA:412,404
DA:414,30
DA:415,30
DA:416,30
DA:417,30
DA:419,374
DA:421,30
DA:422,30
DA:423,23
DA:425,7
DA:426,7
DA:427,0
DA:428,7
DA:429,7
DA:430,7
DA:431,7
DA:432,7
DA:433,7
DA:434,7
DA:436,0
DA:438,7
DA:439,0
DA:440,7
DA:442,7
DA:443,7
DA:444,7
DA:445,7
DA:446,7
DA:448,404
DA:452,10
DA:453,10
DA:454,10
DA:455,10
DA:456,10
DA:457,10
DA:458,10
DA:459,30
DA:460,30
DA:462,0
DA:463,9
DA:464,0
DA:465,0
DA:466,0
DA:469,1
DA:470,1
DA:471,1
DA:472,1
DA:473,1
DA:474,1
DA:475,1
DA:476,1
DA:477,1
DA:478,1
DA:480,0
DA:481,0
DA:483,10
DA:487,2
DA:488,2
DA:489,2
DA:490,2
DA:491,2
DA:492,2
DA:493,2
DA:494,2
DA:495,2
DA:497,0
DA:498,2
DA:499,2
DA:500,2
DA:502,0
DA:503,0
DA:504,0
DA:507,0
DA:508,0
DA:509,0
DA:511,0
DA:512,0
DA:513,0
DA:514,0
DA:515,0
DA:516,0
DA:517,0
DA:518,0
DA:519,0
DA:520,0
DA:521,0
DA:522,0
DA:523,0
DA:524,0
DA:525,0
DA:526,0
DA:528,0
DA:529,0
DA:531,2
BRDA:8,0,0,3
BRDA:8,0,1,404
BRDA:12,0,0,6
BRDA:12,0,1,3
BRDA:24,0,0,7
BRDA:24,0,1,397
BRDA:28,0,0,7
BRDA:28,0,1,7
BRDA:48,0,0,397
BRDA:48,0,1,0
BRDA:66,0,0,60
BRDA:66,0,1,937
BRDA:98,0,0,1
BRDA:98,0,1,14
BRDA:99,0,0,1
BRDA:99,0,1,0
BRDA:159,0,0,1
BRDA:159,0,1,96
BRDA:188,0,0,0
BRDA:188,0,1,12
BRDA:196,0,0,11
BRDA:196,0,1,219
BRDA:197,0,0,11
BRDA:197,0,1,0
BRDA:205,0,0,175
BRDA:205,0,1,44
BRDA:206,0,0,0
BRDA:206,0,1,175
BRDA:244,0,0,-
BRDA:244,0,1,-
BRDA:251,0,0,-
BRDA:251,0,1,-
BRDA:258,0,0,0
BRDA:258,0,1,23
BRDA:260,0,0,-
BRDA:260,0,1,-
BRDA:270,0,0,0
BRDA:270,0,1,23
BRDA:272,0,0,-
BRDA:272,0,1,-
BRDA:278,0,0,-
BRDA:278,0,1,-
BRDA:288,0,0,0
BRDA:288,0,1,23
BRDA:293,0,0,-
BRDA:293,0,1,-
BRDA:304,0,0,23
BRDA:304,0,1,0
BRDA:304,1,2,11
BRDA:304,1,3,12
BRDA:313,0,0,12
BRDA:313,0,1,0
BRDA:331,0,0,33
BRDA:331,0,1,374
BRDA:340,0,0,30
BRDA:340,0,1,3
BRDA:343,0,0,3
BRDA:343,0,1,0
BRDA:352,0,0,0
BRDA:352,0,1,3
BRDA:372,0,0,0
BRDA:372,0,1,35
BRDA:377,0,0,4
BRDA:377,0,1,7
BRDA:383,0,0,1
BRDA:383,0,1,0
BRDA:413,0,0,30
BRDA:413,0,1,374
BRDA:422,0,0,7
BRDA:422,0,1,23
BRDA:426,0,0,0
BRDA:426,0,1,7
BRDA:426,1,2,7
BRDA:426,1,3,0
BRDA:429,0,0,7
BRDA:429,0,1,0
BRDA:438,0,0,0
BRDA:438,0,1,7
BRDA:463,0,0,9
BRDA:463,0,1,0
BRDA:464,0,0,-
BRDA:464,0,1,-
BRDA:472,0,0,1
BRDA:472,0,1,0
BRDA:498,0,0,2
BRDA:498,0,1,0
BRDA:502,0,0,-
BRDA:502,0,1,-
BRF:88
BRH:50
LF:396
LH:293
end_of_record
SF:/home/lollo/Playground/smelt/crates/smelt-codegen-rust/src/emitter/control_flow_match.rs
FN:7,_RNvMNtNtCslUDTfF2NOuU_18smelt_codegen_rust7emitter18control_flow_matchNtB4_15FunctionEmitter10emit_match
FN:57,_RNvMNtNtCslUDTfF2NOuU_18smelt_codegen_rust7emitter18control_flow_matchNtB4_15FunctionEmitter10match_join
FN:97,_RNvMNtNtCslUDTfF2NOuU_18smelt_codegen_rust7emitter18control_flow_matchNtB4_15FunctionEmitter16match_label_text
FN:81,_RNvMNtNtCslUDTfF2NOuU_18smelt_codegen_rust7emitter18control_flow_matchNtB4_15FunctionEmitter20match_scrutinee_text
FN:40,_RNvMNtNtCslUDTfF2NOuU_18smelt_codegen_rust7emitter18control_flow_matchNtB4_15FunctionEmitter23emit_block_as_match_arm
FN:68,_RNCNvMNtNtCslUDTfF2NOuU_18smelt_codegen_rust7emitter18control_flow_matchNtB6_15FunctionEmitter10match_joins_0B8_
FN:7,_RNvMNtNtCshkVCuHFFkGJ_18smelt_codegen_rust7emitter18control_flow_matchNtB4_15FunctionEmitter10emit_match
FN:57,_RNvMNtNtCshkVCuHFFkGJ_18smelt_codegen_rust7emitter18control_flow_matchNtB4_15FunctionEmitter10match_join
FN:97,_RNvMNtNtCshkVCuHFFkGJ_18smelt_codegen_rust7emitter18control_flow_matchNtB4_15FunctionEmitter16match_label_text
FN:81,_RNvMNtNtCshkVCuHFFkGJ_18smelt_codegen_rust7emitter18control_flow_matchNtB4_15FunctionEmitter20match_scrutinee_text
FN:40,_RNvMNtNtCshkVCuHFFkGJ_18smelt_codegen_rust7emitter18control_flow_matchNtB4_15FunctionEmitter23emit_block_as_match_arm
FN:68,_RNCNvMNtNtCshkVCuHFFkGJ_18smelt_codegen_rust7emitter18control_flow_matchNtB6_15FunctionEmitter10match_joins_0B8_
FNDA:1,_RNvMNtNtCslUDTfF2NOuU_18smelt_codegen_rust7emitter18control_flow_matchNtB4_15FunctionEmitter10emit_match
FNDA:1,_RNvMNtNtCslUDTfF2NOuU_18smelt_codegen_rust7emitter18control_flow_matchNtB4_15FunctionEmitter10match_join
FNDA:2,_RNvMNtNtCslUDTfF2NOuU_18smelt_codegen_rust7emitter18control_flow_matchNtB4_15FunctionEmitter16match_label_text
FNDA:1,_RNvMNtNtCslUDTfF2NOuU_18smelt_codegen_rust7emitter18control_flow_matchNtB4_15FunctionEmitter20match_scrutinee_text
FNDA:3,_RNvMNtNtCslUDTfF2NOuU_18smelt_codegen_rust7emitter18control_flow_matchNtB4_15FunctionEmitter23emit_block_as_match_arm
FNDA:2,_RNCNvMNtNtCslUDTfF2NOuU_18smelt_codegen_rust7emitter18control_flow_matchNtB6_15FunctionEmitter10match_joins_0B8_
FNDA:1,_RNvMNtNtCshkVCuHFFkGJ_18smelt_codegen_rust7emitter18control_flow_matchNtB4_15FunctionEmitter10emit_match
FNDA:1,_RNvMNtNtCshkVCuHFFkGJ_18smelt_codegen_rust7emitter18control_flow_matchNtB4_15FunctionEmitter10match_join
FNDA:3,_RNvMNtNtCshkVCuHFFkGJ_18smelt_codegen_rust7emitter18control_flow_matchNtB4_15FunctionEmitter16match_label_text
FNDA:1,_RNvMNtNtCshkVCuHFFkGJ_18smelt_codegen_rust7emitter18control_flow_matchNtB4_15FunctionEmitter20match_scrutinee_text
FNDA:3,_RNvMNtNtCshkVCuHFFkGJ_18smelt_codegen_rust7emitter18control_flow_matchNtB4_15FunctionEmitter23emit_block_as_match_arm
FNDA:0,_RNCNvMNtNtCshkVCuHFFkGJ_18smelt_codegen_rust7emitter18control_flow_matchNtB6_15FunctionEmitter10match_joins_0B8_
FNF:6
FNH:6
DA:7,2
DA:8,2
DA:9,2
DA:10,2
DA:11,2
DA:12,2
DA:13,2
DA:14,2
DA:15,2
DA:16,5
DA:17,5
DA:18,5
DA:19,5
DA:20,5
DA:21,5
DA:22,5
DA:24,2
DA:25,1
DA:26,1
DA:27,1
DA:28,1
DA:29,1
DA:30,1
DA:31,2
DA:32,2
DA:33,1
DA:34,1
DA:35,2
DA:36,2
DA:40,6
DA:41,6
DA:42,6
DA:43,6
DA:44,6
DA:45,6
DA:46,3
DA:48,6
DA:49,3
DA:50,3
DA:51,0
DA:53,6
DA:57,2
DA:58,2
DA:59,2
DA:60,2
DA:61,2
DA:62,2
DA:63,6
DA:64,6
DA:65,6
DA:66,3
DA:67,3
DA:68,3
DA:70,0
DA:71,0
DA:72,0
DA:73,3
DA:74,3
DA:76,2
DA:77,2
DA:81,2
DA:82,2
DA:83,0
DA:84,1
DA:85,1
DA:87,0
DA:88,0
DA:91,1
DA:93,2
DA:97,5
DA:98,5
DA:99,3
DA:100,2
DA:102,5
BRDA:24,0,0,1
BRDA:24,0,1,1
BRDA:32,0,0,1
BRDA:32,0,1,1
BRDA:65,0,0,3
BRDA:65,0,1,3
BRDA:66,0,0,0
BRDA:66,0,1,3
BRDA:82,0,0,1
BRDA:82,0,1,1
BRF:10
BRH:5
LF:75
LH:60
end_of_record
SF:/home/lollo/Playground/smelt/crates/smelt-codegen-rust/src/emitter/core.rs
FN:270,_RNvMNtNtCslUDTfF2NOuU_18smelt_codegen_rust7emitter4coreNtB4_15FunctionEmitter10local_decl
FN:279,_RNvMNtNtCslUDTfF2NOuU_18smelt_codegen_rust7emitter4coreNtB4_15FunctionEmitter10local_name
FN:242,_RNvMNtNtCslUDTfF2NOuU_18smelt_codegen_rust7emitter4coreNtB4_15FunctionEmitter10operand_ty
FN:129,_RNvMNtNtCslUDTfF2NOuU_18smelt_codegen_rust7emitter4coreNtB4_15FunctionEmitter11emit_method
FN:255,_RNvMNtNtCslUDTfF2NOuU_18smelt_codegen_rust7emitter4coreNtB4_15FunctionEmitter11entry_block
FN:30,_RNvMNtNtCslUDTfF2NOuU_18smelt_codegen_rust7emitter4coreNtB4_15FunctionEmitter11local_names
FN:288,_RNvMNtNtCslUDTfF2NOuU_18smelt_codegen_rust7emitter4coreNtB4_15FunctionEmitter11symbol_name
FN:219,_RNvMNtNtCslUDTfF2NOuU_18smelt_codegen_rust7emitter4coreNtB4_15FunctionEmitter12operand_text
FN:197,_RNvMNtNtCslUDTfF2NOuU_18smelt_codegen_rust7emitter4coreNtB4_15FunctionEmitter13type_text_for
FN:229,_RNvMNtNtCslUDTfF2NOuU_18smelt_codegen_rust7emitter4coreNtB4_15FunctionEmitter20operand_as_type_text
FN:213,_RNvMNtNtCslUDTfF2NOuU_18smelt_codegen_rust7emitter4coreNtB4_15FunctionEmitter20throwing_call_suffix
FN:7,_RNvMNtNtCslUDTfF2NOuU_18smelt_codegen_rust7emitter4coreNtB4_15FunctionEmitter3new
FN:76,_RNvMNtNtCslUDTfF2NOuU_18smelt_codegen_rust7emitter4coreNtB4_15FunctionEmitter4emit
FN:261,_RNvMNtNtCslUDTfF2NOuU_18smelt_codegen_rust7emitter4coreNtB4_15FunctionEmitter5block
FN:297,_RNvNtNtCslUDTfF2NOuU_18smelt_codegen_rust7emitter4core17unique_local_name
FN:15,_RNCNCNvMNtNtCslUDTfF2NOuU_18smelt_codegen_rust7emitter4coreNtB8_15FunctionEmitter3new00Ba_
FN:274,_RNCNvMNtNtCslUDTfF2NOuU_18smelt_codegen_rust7emitter4coreNtB6_15FunctionEmitter10local_decl0B8_
FN:283,_RNCNvMNtNtCslUDTfF2NOuU_18smelt_codegen_rust7emitter4coreNtB6_15FunctionEmitter10local_name0B8_
FN:136,_RNCNvMNtNtCslUDTfF2NOuU_18smelt_codegen_rust7emitter4coreNtB6_15FunctionEmitter11emit_method0B8_
FN:162,_RNCNvMNtNtCslUDTfF2NOuU_18smelt_codegen_rust7emitter4coreNtB6_15FunctionEmitter11emit_methods_0B8_
FN:55,_RNCNvMNtNtCslUDTfF2NOuU_18smelt_codegen_rust7emitter4coreNtB6_15FunctionEmitter11local_names0B8_
FN:64,_RNCNvMNtNtCslUDTfF2NOuU_18smelt_codegen_rust7emitter4coreNtB6_15FunctionEmitter11local_namess_0B8_
FN:292,_RNCNvMNtNtCslUDTfF2NOuU_18smelt_codegen_rust7emitter4coreNtB6_15FunctionEmitter11symbol_name0B8_
FN:203,_RNCNvMNtNtCslUDTfF2NOuU_18smelt_codegen_rust7emitter4coreNtB6_15FunctionEmitter13type_text_for0B8_
FN:13,_RNCNvMNtNtCslUDTfF2NOuU_18smelt_codegen_rust7emitter4coreNtB6_15FunctionEmitter3new0B8_
FN:18,_RNCNvMNtNtCslUDTfF2NOuU_18smelt_codegen_rust7emitter4coreNtB6_15FunctionEmitter3news_0B8_
FN:104,_RNCNvMNtNtCslUDTfF2NOuU_18smelt_codegen_rust7emitter4coreNtB6_15FunctionEmitter4emit0B8_
FN:265,_RNCNvMNtNtCslUDTfF2NOuU_18smelt_codegen_rust7emitter4coreNtB6_15FunctionEmitter5block0B8_
FN:15,_RNCNCNvMNtNtCshkVCuHFFkGJ_18smelt_codegen_rust7emitter4coreNtB8_15FunctionEmitter3new00Ba_
FN:274,_RNCNvMNtNtCshkVCuHFFkGJ_18smelt_codegen_rust7emitter4coreNtB6_15FunctionEmitter10local_decl0B8_
FN:283,_RNCNvMNtNtCshkVCuHFFkGJ_18smelt_codegen_rust7emitter4coreNtB6_15FunctionEmitter10local_name0B8_
FN:136,_RNCNvMNtNtCshkVCuHFFkGJ_18smelt_codegen_rust7emitter4coreNtB6_15FunctionEmitter11emit_method0B8_
FN:162,_RNCNvMNtNtCshkVCuHFFkGJ_18smelt_codegen_rust7emitter4coreNtB6_15FunctionEmitter11emit_methods_0B8_
FN:55,_RNCNvMNtNtCshkVCuHFFkGJ_18smelt_codegen_rust7emitter4coreNtB6_15FunctionEmitter11local_names0B8_
FN:64,_RNCNvMNtNtCshkVCuHFFkGJ_18smelt_codegen_rust7emitter4coreNtB6_15FunctionEmitter11local_namess_0B8_
FN:292,_RNCNvMNtNtCshkVCuHFFkGJ_18smelt_codegen_rust7emitter4coreNtB6_15FunctionEmitter11symbol_name0B8_
FN:203,_RNCNvMNtNtCshkVCuHFFkGJ_18smelt_codegen_rust7emitter4coreNtB6_15FunctionEmitter13type_text_for0B8_
FN:13,_RNCNvMNtNtCshkVCuHFFkGJ_18smelt_codegen_rust7emitter4coreNtB6_15FunctionEmitter3new0B8_
FN:18,_RNCNvMNtNtCshkVCuHFFkGJ_18smelt_codegen_rust7emitter4coreNtB6_15FunctionEmitter3news_0B8_
FN:104,_RNCNvMNtNtCshkVCuHFFkGJ_18smelt_codegen_rust7emitter4coreNtB6_15FunctionEmitter4emit0B8_
FN:265,_RNCNvMNtNtCshkVCuHFFkGJ_18smelt_codegen_rust7emitter4coreNtB6_15FunctionEmitter5block0B8_
FN:270,_RNvMNtNtCshkVCuHFFkGJ_18smelt_codegen_rust7emitter4coreNtB4_15FunctionEmitter10local_decl
FN:279,_RNvMNtNtCshkVCuHFFkGJ_18smelt_codegen_rust7emitter4coreNtB4_15FunctionEmitter10local_name
FN:242,_RNvMNtNtCshkVCuHFFkGJ_18smelt_codegen_rust7emitter4coreNtB4_15FunctionEmitter10operand_ty
FN:129,_RNvMNtNtCshkVCuHFFkGJ_18smelt_codegen_rust7emitter4coreNtB4_15FunctionEmitter11emit_method
FN:255,_RNvMNtNtCshkVCuHFFkGJ_18smelt_codegen_rust7emitter4coreNtB4_15FunctionEmitter11entry_block
FN:30,_RNvMNtNtCshkVCuHFFkGJ_18smelt_codegen_rust7emitter4coreNtB4_15FunctionEmitter11local_names
FN:288,_RNvMNtNtCshkVCuHFFkGJ_18smelt_codegen_rust7emitter4coreNtB4_15FunctionEmitter11symbol_name
FN:219,_RNvMNtNtCshkVCuHFFkGJ_18smelt_codegen_rust7emitter4coreNtB4_15FunctionEmitter12operand_text
FN:197,_RNvMNtNtCshkVCuHFFkGJ_18smelt_codegen_rust7emitter4coreNtB4_15FunctionEmitter13type_text_for
FN:229,_RNvMNtNtCshkVCuHFFkGJ_18smelt_codegen_rust7emitter4coreNtB4_15FunctionEmitter20operand_as_type_text
FN:213,_RNvMNtNtCshkVCuHFFkGJ_18smelt_codegen_rust7emitter4coreNtB4_15FunctionEmitter20throwing_call_suffix
FN:7,_RNvMNtNtCshkVCuHFFkGJ_18smelt_codegen_rust7emitter4coreNtB4_15FunctionEmitter3new
FN:76,_RNvMNtNtCshkVCuHFFkGJ_18smelt_codegen_rust7emitter4coreNtB4_15FunctionEmitter4emit
FN:261,_RNvMNtNtCshkVCuHFFkGJ_18smelt_codegen_rust7emitter4coreNtB4_15FunctionEmitter5block
FN:297,_RNvNtNtCshkVCuHFFkGJ_18smelt_codegen_rust7emitter4core17unique_local_name
FNDA:429,_RNvMNtNtCslUDTfF2NOuU_18smelt_codegen_rust7emitter4coreNtB4_15FunctionEmitter10local_decl
FNDA:488,_RNvMNtNtCslUDTfF2NOuU_18smelt_codegen_rust7emitter4coreNtB4_15FunctionEmitter10local_name
FNDA:119,_RNvMNtNtCslUDTfF2NOuU_18smelt_codegen_rust7emitter4coreNtB4_15FunctionEmitter10operand_ty
FNDA:21,_RNvMNtNtCslUDTfF2NOuU_18smelt_codegen_rust7emitter4coreNtB4_15FunctionEmitter11emit_method
FNDA:100,_RNvMNtNtCslUDTfF2NOuU_18smelt_codegen_rust7emitter4coreNtB4_15FunctionEmitter11entry_block
FNDA:100,_RNvMNtNtCslUDTfF2NOuU_18smelt_codegen_rust7emitter4coreNtB4_15FunctionEmitter11local_names
FNDA:214,_RNvMNtNtCslUDTfF2NOuU_18smelt_codegen_rust7emitter4coreNtB4_15FunctionEmitter11symbol_name
FNDA:352,_RNvMNtNtCslUDTfF2NOuU_18smelt_codegen_rust7emitter4coreNtB4_15FunctionEmitter12operand_text
FNDA:13,_RNvMNtNtCslUDTfF2NOuU_18smelt_codegen_rust7emitter4coreNtB4_15FunctionEmitter13type_text_for
FNDA:130,_RNvMNtNtCslUDTfF2NOuU_18smelt_codegen_rust7emitter4coreNtB4_15FunctionEmitter20operand_as_type_text
FNDA:40,_RNvMNtNtCslUDTfF2NOuU_18smelt_codegen_rust7emitter4coreNtB4_15FunctionEmitter20throwing_call_suffix
FNDA:100,_RNvMNtNtCslUDTfF2NOuU_18smelt_codegen_rust7emitter4coreNtB4_15FunctionEmitter3new
FNDA:79,_RNvMNtNtCslUDTfF2NOuU_18smelt_codegen_rust7emitter4coreNtB4_15FunctionEmitter4emit
FNDA:248,_RNvMNtNtCslUDTfF2NOuU_18smelt_codegen_rust7emitter4coreNtB4_15FunctionEmitter5block
FNDA:254,_RNvNtNtCslUDTfF2NOuU_18smelt_codegen_rust7emitter4core17unique_local_name
FNDA:100,_RNCNCNvMNtNtCslUDTfF2NOuU_18smelt_codegen_rust7emitter4coreNtB8_15FunctionEmitter3new00Ba_
FNDA:0,_RNCNvMNtNtCslUDTfF2NOuU_18smelt_codegen_rust7emitter4coreNtB6_15FunctionEmitter10local_decl0B8_
FNDA:0,_RNCNvMNtNtCslUDTfF2NOuU_18smelt_codegen_rust7emitter4coreNtB6_15FunctionEmitter10local_name0B8_
FNDA:13,_RNCNvMNtNtCslUDTfF2NOuU_18smelt_codegen_rust7emitter4coreNtB6_15FunctionEmitter11emit_method0B8_
FNDA:3,_RNCNvMNtNtCslUDTfF2NOuU_18smelt_codegen_rust7emitter4coreNtB6_15FunctionEmitter11emit_methods_0B8_
FNDA:0,_RNCNvMNtNtCslUDTfF2NOuU_18smelt_codegen_rust7emitter4coreNtB6_15FunctionEmitter11local_names0B8_
FNDA:0,_RNCNvMNtNtCslUDTfF2NOuU_18smelt_codegen_rust7emitter4coreNtB6_15FunctionEmitter11local_namess_0B8_
FNDA:0,_RNCNvMNtNtCslUDTfF2NOuU_18smelt_codegen_rust7emitter4coreNtB6_15FunctionEmitter11symbol_name0B8_
FNDA:0,_RNCNvMNtNtCslUDTfF2NOuU_18smelt_codegen_rust7emitter4coreNtB6_15FunctionEmitter13type_text_for0B8_
FNDA:315,_RNCNvMNtNtCslUDTfF2NOuU_18smelt_codegen_rust7emitter4coreNtB6_15FunctionEmitter3new0B8_
FNDA:0,_RNCNvMNtNtCslUDTfF2NOuU_18smelt_codegen_rust7emitter4coreNtB6_15FunctionEmitter3news_0B8_
FNDA:22,_RNCNvMNtNtCslUDTfF2NOuU_18smelt_codegen_rust7emitter4coreNtB6_15FunctionEmitter4emit0B8_
FNDA:0,_RNCNvMNtNtCslUDTfF2NOuU_18smelt_codegen_rust7emitter4coreNtB6_15FunctionEmitter5block0B8_
FNDA:140,_RNCNCNvMNtNtCshkVCuHFFkGJ_18smelt_codegen_rust7emitter4coreNtB8_15FunctionEmitter3new00Ba_
FNDA:0,_RNCNvMNtNtCshkVCuHFFkGJ_18smelt_codegen_rust7emitter4coreNtB6_15FunctionEmitter10local_decl0B8_
FNDA:0,_RNCNvMNtNtCshkVCuHFFkGJ_18smelt_codegen_rust7emitter4coreNtB6_15FunctionEmitter10local_name0B8_
FNDA:0,_RNCNvMNtNtCshkVCuHFFkGJ_18smelt_codegen_rust7emitter4coreNtB6_15FunctionEmitter11emit_method0B8_
FNDA:0,_RNCNvMNtNtCshkVCuHFFkGJ_18smelt_codegen_rust7emitter4coreNtB6_15FunctionEmitter11emit_methods_0B8_
FNDA:0,_RNCNvMNtNtCshkVCuHFFkGJ_18smelt_codegen_rust7emitter4coreNtB6_15FunctionEmitter11local_names0B8_
FNDA:0,_RNCNvMNtNtCshkVCuHFFkGJ_18smelt_codegen_rust7emitter4coreNtB6_15FunctionEmitter11local_namess_0B8_
FNDA:0,_RNCNvMNtNtCshkVCuHFFkGJ_18smelt_codegen_rust7emitter4coreNtB6_15FunctionEmitter11symbol_name0B8_
FNDA:0,_RNCNvMNtNtCshkVCuHFFkGJ_18smelt_codegen_rust7emitter4coreNtB6_15FunctionEmitter13type_text_for0B8_
FNDA:535,_RNCNvMNtNtCshkVCuHFFkGJ_18smelt_codegen_rust7emitter4coreNtB6_15FunctionEmitter3new0B8_
FNDA:0,_RNCNvMNtNtCshkVCuHFFkGJ_18smelt_codegen_rust7emitter4coreNtB6_15FunctionEmitter3news_0B8_
FNDA:19,_RNCNvMNtNtCshkVCuHFFkGJ_18smelt_codegen_rust7emitter4coreNtB6_15FunctionEmitter4emit0B8_
FNDA:0,_RNCNvMNtNtCshkVCuHFFkGJ_18smelt_codegen_rust7emitter4coreNtB6_15FunctionEmitter5block0B8_
FNDA:1293,_RNvMNtNtCshkVCuHFFkGJ_18smelt_codegen_rust7emitter4coreNtB4_15FunctionEmitter10local_decl
FNDA:1736,_RNvMNtNtCshkVCuHFFkGJ_18smelt_codegen_rust7emitter4coreNtB4_15FunctionEmitter10local_name
FNDA:505,_RNvMNtNtCshkVCuHFFkGJ_18smelt_codegen_rust7emitter4coreNtB4_15FunctionEmitter10operand_ty
FNDA:2,_RNvMNtNtCshkVCuHFFkGJ_18smelt_codegen_rust7emitter4coreNtB4_15FunctionEmitter11emit_method
FNDA:140,_RNvMNtNtCshkVCuHFFkGJ_18smelt_codegen_rust7emitter4coreNtB4_15FunctionEmitter11entry_block
FNDA:140,_RNvMNtNtCshkVCuHFFkGJ_18smelt_codegen_rust7emitter4coreNtB4_15FunctionEmitter11local_names
FNDA:154,_RNvMNtNtCshkVCuHFFkGJ_18smelt_codegen_rust7emitter4coreNtB4_15FunctionEmitter11symbol_name
FNDA:1239,_RNvMNtNtCshkVCuHFFkGJ_18smelt_codegen_rust7emitter4coreNtB4_15FunctionEmitter12operand_text
FNDA:0,_RNvMNtNtCshkVCuHFFkGJ_18smelt_codegen_rust7emitter4coreNtB4_15FunctionEmitter13type_text_for
FNDA:467,_RNvMNtNtCshkVCuHFFkGJ_18smelt_codegen_rust7emitter4coreNtB4_15FunctionEmitter20operand_as_type_text
FNDA:8,_RNvMNtNtCshkVCuHFFkGJ_18smelt_codegen_rust7emitter4coreNtB4_15FunctionEmitter20throwing_call_suffix
FNDA:140,_RNvMNtNtCshkVCuHFFkGJ_18smelt_codegen_rust7emitter4coreNtB4_15FunctionEmitter3new
FNDA:138,_RNvMNtNtCshkVCuHFFkGJ_18smelt_codegen_rust7emitter4coreNtB4_15FunctionEmitter4emit
FNDA:262,_RNvMNtNtCshkVCuHFFkGJ_18smelt_codegen_rust7emitter4coreNtB4_15FunctionEmitter5block
FNDA:919,_RNvNtNtCshkVCuHFFkGJ_18smelt_codegen_rust7emitter4core17unique_local_name
FNF:28
FNH:20
DA:7,240
DA:8,240
DA:9,240
DA:10,240
DA:11,240
DA:12,240
DA:13,850
DA:14,850
DA:15,850
DA:16,850
DA:17,240
DA:18,240
DA:19,240
DA:20,240
DA:21,240
DA:22,240
DA:23,240
DA:24,240
DA:25,240
DA:26,240
DA:27,240
DA:30,240
DA:31,240
DA:32,240
DA:33,240
DA:34,240
DA:35,240
DA:36,240
DA:38,1173
DA:39,1173
DA:40,1173
DA:42,68
DA:43,14
DA:45,11
DA:46,41
DA:47,57
DA:50,16
DA:52,41
DA:53,41
DA:54,41
DA:55,41
DA:56,41
DA:59,620
DA:60,485
DA:61,485
DA:62,485
DA:63,485
DA:64,485
DA:65,485
DA:68,1173
DA:69,1173
DA:72,240
DA:73,240
DA:76,217
DA:77,217
DA:78,217
DA:79,10
DA:80,0
DA:81,10
DA:82,10
DA:83,10
DA:84,207
DA:85,217
DA:86,156
DA:87,1
DA:88,0
DA:89,0
DA:90,0
DA:91,1
DA:92,1
DA:93,1
DA:94,155
DA:95,0
DA:96,155
DA:97,155
DA:98,155
DA:100,61
DA:101,61
DA:102,61
DA:103,61
DA:104,61
DA:105,41
DA:106,41
DA:108,41
DA:109,41
DA:111,41
DA:112,61
DA:113,61
DA:114,61
DA:116,61
DA:117,61
DA:118,61
DA:122,217
DA:123,217
DA:124,217
DA:125,217
DA:129,23
DA:130,23
DA:132,12
DA:133,12
DA:134,12
DA:135,12
DA:136,13
DA:137,13
DA:138,13
[...]
FN:84,_RINvMNtCsiQvK2w8ASSa_10smelt_test2tsINtB3_6ExpectINtNtCskbJomkeA9wF_5alloc3vec3VeclEE8to_equalBL_EB5_
FN:231,_RINvMNtCsiQvK2w8ASSa_10smelt_test2tsINtB3_6ExpectINtNtNtNtCsbQhyRlD7fdK_3std11collections4hash3map7HashMapNtNtCskbJomkeA9wF_5alloc6string6StringlEE16to_have_propertyB1G_EB5_
FN:183,_RINvMNtCsiQvK2w8ASSa_10smelt_test2tsINtB3_6ExpectNtNtCskbJomkeA9wF_5alloc6string6StringE10to_containReEB5_
FN:60,_RINvMNtCsiQvK2w8ASSa_10smelt_test2tsINtB3_6ExpectdE5to_bedEB5_
FN:60,_RINvMNtCsiQvK2w8ASSa_10smelt_test2tsINtB3_6ExpectlE5to_belEB5_
FN:349,_RINvNtCsiQvK2w8ASSa_10smelt_test2ts17deep_strict_equalINtNtCskbJomkeA9wF_5alloc3vec3VeclEBQ_EB4_
FN:13,_RINvNtCsiQvK2w8ASSa_10smelt_test2ts6expectINtNtCsbV2fdBDOQHZ_4core6option6OptionINtNtCskbJomkeA9wF_5alloc3vec3VecNtNtB1l_6string6StringEEEB4_
FN:13,_RINvNtCsiQvK2w8ASSa_10smelt_test2ts6expectINtNtCsbV2fdBDOQHZ_4core6option6OptionlEEB4_
FN:13,_RINvNtCsiQvK2w8ASSa_10smelt_test2ts6expectINtNtCskbJomkeA9wF_5alloc3vec3VeclEEB4_
FN:13,_RINvNtCsiQvK2w8ASSa_10smelt_test2ts6expectINtNtNtNtCsbQhyRlD7fdK_3std11collections4hash3map7HashMapNtNtCskbJomkeA9wF_5alloc6string6StringlEEB4_
FN:13,_RINvNtCsiQvK2w8ASSa_10smelt_test2ts6expectNtNtCskbJomkeA9wF_5alloc6string6StringEB4_
FN:13,_RINvNtCsiQvK2w8ASSa_10smelt_test2ts6expectbEB4_
FN:13,_RINvNtCsiQvK2w8ASSa_10smelt_test2ts6expectdEB4_
FN:13,_RINvNtCsiQvK2w8ASSa_10smelt_test2ts6expectlEB4_
FN:22,_RINvNtCsiQvK2w8ASSa_10smelt_test2ts9expect_fnNCNCNvNtB2_5testss_28to_throw_fails_without_panic00EB4_
FN:22,_RINvNtCsiQvK2w8ASSa_10smelt_test2ts9expect_fnNCNCNvNtB2_5testss_39to_throw_with_message_checks_panic_texts_00EB4_
FN:22,_RINvNtCsiQvK2w8ASSa_10smelt_test2ts9expect_fnNCNvNtB2_5testss_23to_throw_matches_panics0EB4_
FN:22,_RINvNtCsiQvK2w8ASSa_10smelt_test2ts9expect_fnNCNvNtB2_5testss_35negated_to_throw_matches_non_panics0EB4_
FN:22,_RINvNtCsiQvK2w8ASSa_10smelt_test2ts9expect_fnNCNvNtB2_5testss_39to_throw_with_message_checks_panic_text0EB4_
FN:416,_RNCNvMs6_NtCsiQvK2w8ASSa_10smelt_test2tsINtB7_16ThrowExpectationNCNCNvNtB7_5testss_39to_throw_with_message_checks_panic_texts_00E21to_throw_with_message0B9_
FN:416,_RNCNvMs6_NtCsiQvK2w8ASSa_10smelt_test2tsINtB7_16ThrowExpectationNCNvNtB7_5testss_39to_throw_with_message_checks_panic_text0E21to_throw_with_message0B9_
FN:251,_RNvMNtCsiQvK2w8ASSa_10smelt_test2tsINtB2_6ExpectINtNtCsbV2fdBDOQHZ_4core6option6OptionINtNtCskbJomkeA9wF_5alloc3vec3VecNtNtB1r_6string6StringEEE12assert_matchB4_
FN:166,_RNvMNtCsiQvK2w8ASSa_10smelt_test2tsINtB2_6ExpectINtNtCsbV2fdBDOQHZ_4core6option6OptionlEE10to_be_nullB4_
FN:251,_RNvMNtCsiQvK2w8ASSa_10smelt_test2tsINtB2_6ExpectINtNtCsbV2fdBDOQHZ_4core6option6OptionlEE12assert_matchB4_
FN:48,_RNvMNtCsiQvK2w8ASSa_10smelt_test2tsINtB2_6ExpectINtNtCsbV2fdBDOQHZ_4core6option6OptionlEE3notB4_
FN:251,_RNvMNtCsiQvK2w8ASSa_10smelt_test2tsINtB2_6ExpectINtNtCskbJomkeA9wF_5alloc3vec3VeclEE12assert_matchB4_
FN:207,_RNvMNtCsiQvK2w8ASSa_10smelt_test2tsINtB2_6ExpectINtNtCskbJomkeA9wF_5alloc3vec3VeclEE14to_have_lengthB4_
FN:251,_RNvMNtCsiQvK2w8ASSa_10smelt_test2tsINtB2_6ExpectINtNtNtNtCsbQhyRlD7fdK_3std11collections4hash3map7HashMapNtNtCskbJomkeA9wF_5alloc6string6StringlEE12assert_matchB4_
FN:251,_RNvMNtCsiQvK2w8ASSa_10smelt_test2tsINtB2_6ExpectNtNtCskbJomkeA9wF_5alloc6string6StringE12assert_matchB4_
FN:207,_RNvMNtCsiQvK2w8ASSa_10smelt_test2tsINtB2_6ExpectNtNtCskbJomkeA9wF_5alloc6string6StringE14to_have_lengthB4_
FN:149,_RNvMNtCsiQvK2w8ASSa_10smelt_test2tsINtB2_6ExpectbE11to_be_falsyB4_
FN:251,_RNvMNtCsiQvK2w8ASSa_10smelt_test2tsINtB2_6ExpectbE12assert_matchB4_
FN:132,_RNvMNtCsiQvK2w8ASSa_10smelt_test2tsINtB2_6ExpectbE12to_be_truthyB4_
FN:48,_RNvMNtCsiQvK2w8ASSa_10smelt_test2tsINtB2_6ExpectbE3notB4_
FN:251,_RNvMNtCsiQvK2w8ASSa_10smelt_test2tsINtB2_6ExpectdE12assert_matchB4_
FN:251,_RNvMNtCsiQvK2w8ASSa_10smelt_test2tsINtB2_6ExpectlE12assert_matchB4_
FN:48,_RNvMNtCsiQvK2w8ASSa_10smelt_test2tsINtB2_6ExpectlE3notB4_
FN:395,_RNvMs6_NtCsiQvK2w8ASSa_10smelt_test2tsINtB5_16ThrowExpectationNCNCNvNtB5_5testss_28to_throw_fails_without_panic00E8to_throwB7_
FN:412,_RNvMs6_NtCsiQvK2w8ASSa_10smelt_test2tsINtB5_16ThrowExpectationNCNCNvNtB5_5testss_39to_throw_with_message_checks_panic_texts_00E21to_throw_with_messageB7_
FN:395,_RNvMs6_NtCsiQvK2w8ASSa_10smelt_test2tsINtB5_16ThrowExpectationNCNvNtB5_5testss_23to_throw_matches_panics0E8to_throwB7_
FN:383,_RNvMs6_NtCsiQvK2w8ASSa_10smelt_test2tsINtB5_16ThrowExpectationNCNvNtB5_5testss_35negated_to_throw_matches_non_panics0E3notB7_
FN:395,_RNvMs6_NtCsiQvK2w8ASSa_10smelt_test2tsINtB5_16ThrowExpectationNCNvNtB5_5testss_35negated_to_throw_matches_non_panics0E8to_throwB7_
FN:412,_RNvMs6_NtCsiQvK2w8ASSa_10smelt_test2tsINtB5_16ThrowExpectationNCNvNtB5_5testss_39to_throw_with_message_checks_panic_text0E21to_throw_with_messageB7_
FN:303,_RNvXs2_NtCsiQvK2w8ASSa_10smelt_test2tsINtNtCskbJomkeA9wF_5alloc3vec3VeclEINtB5_8ContainslE14contains_valueB7_
FN:322,_RNvXs4_NtCsiQvK2w8ASSa_10smelt_test2tsINtNtCskbJomkeA9wF_5alloc3vec3VeclENtB5_9HasLength9value_lenB7_
FN:546,_RNCNCNvNtNtCsiQvK2w8ASSa_10smelt_test2ts5testss_28to_throw_fails_without_panic00B9_
FN:555,_RNCNCNvNtNtCsiQvK2w8ASSa_10smelt_test2ts5testss_39to_throw_with_message_checks_panic_texts_00B9_
FN:470,_RNCNvNtNtCsiQvK2w8ASSa_10smelt_test2ts5testss_17not_inverts_to_be0B7_
FN:540,_RNCNvNtNtCsiQvK2w8ASSa_10smelt_test2ts5testss_23to_throw_matches_panics0B7_
FN:546,_RNCNvNtNtCsiQvK2w8ASSa_10smelt_test2ts5testss_28to_throw_fails_without_panic0B7_
FN:562,_RNCNvNtNtCsiQvK2w8ASSa_10smelt_test2ts5testss_35negated_to_throw_matches_non_panics0B7_
FN:448,_RNCNvNtNtCsiQvK2w8ASSa_10smelt_test2ts5testss_35to_be_fails_for_different_primitive0B7_
FN:461,_RNCNvNtNtCsiQvK2w8ASSa_10smelt_test2ts5testss_36to_be_uses_object_is_for_signed_zero0B7_
FN:508,_RNCNvNtNtCsiQvK2w8ASSa_10smelt_test2ts5testss_38to_contain_matches_strings_and_vectors0B7_
FN:553,_RNCNvNtNtCsiQvK2w8ASSa_10smelt_test2ts5testss_39to_throw_with_message_checks_panic_text0B7_
FN:555,_RNCNvNtNtCsiQvK2w8ASSa_10smelt_test2ts5testss_39to_throw_with_message_checks_panic_texts_0B7_
FN:533,_RNCNvNtNtCsiQvK2w8ASSa_10smelt_test2ts5testss_42deep_strict_equal_uses_structural_equality0B7_
FN:518,_RNCNvNtNtCsiQvK2w8ASSa_10smelt_test2ts5testss_42to_have_length_matches_strings_and_vectors0B7_
FN:467,_RNvNtNtCsiQvK2w8ASSa_10smelt_test2ts5testss_17not_inverts_to_be
FN:498,_RNvNtNtCsiQvK2w8ASSa_10smelt_test2ts5testss_23to_be_null_matches_none
FN:539,_RNvNtNtCsiQvK2w8ASSa_10smelt_test2ts5testss_23to_throw_matches_panics
FN:454,_RNvNtNtCsiQvK2w8ASSa_10smelt_test2ts5testss_28to_be_uses_object_is_for_nan
FN:544,_RNvNtNtCsiQvK2w8ASSa_10smelt_test2ts5testss_28to_throw_fails_without_panic
FN:441,_RNvNtNtCsiQvK2w8ASSa_10smelt_test2ts5testss_31to_be_passes_for_same_primitive
FN:486,_RNvNtNtCsiQvK2w8ASSa_10smelt_test2ts5testss_31truthy_and_falsy_match_booleans
FN:476,_RNvNtNtCsiQvK2w8ASSa_10smelt_test2ts5testss_33to_equal_uses_structural_equality
FN:524,_RNvNtNtCsiQvK2w8ASSa_10smelt_test2ts5testss_34to_have_property_matches_hash_maps
FN:561,_RNvNtNtCsiQvK2w8ASSa_10smelt_test2ts5testss_35negated_to_throw_matches_non_panics
FN:446,_RNvNtNtCsiQvK2w8ASSa_10smelt_test2ts5testss_35to_be_fails_for_different_primitive
FN:459,_RNvNtNtCsiQvK2w8ASSa_10smelt_test2ts5testss_36to_be_uses_object_is_for_signed_zero
FN:504,_RNvNtNtCsiQvK2w8ASSa_10smelt_test2ts5testss_38to_contain_matches_strings_and_vectors
FN:492,_RNvNtNtCsiQvK2w8ASSa_10smelt_test2ts5testss_39negated_truthy_and_falsy_match_booleans
FN:552,_RNvNtNtCsiQvK2w8ASSa_10smelt_test2ts5testss_39to_throw_with_message_checks_panic_text
FN:530,_RNvNtNtCsiQvK2w8ASSa_10smelt_test2ts5testss_42deep_strict_equal_uses_structural_equality
FN:514,_RNvNtNtCsiQvK2w8ASSa_10smelt_test2ts5testss_42to_have_length_matches_strings_and_vectors
FN:481,_RNvNtNtCsiQvK2w8ASSa_10smelt_test2ts5testss_47to_strict_equal_uses_structural_equality_for_v1
FN:339,_RNvXs5_NtCsiQvK2w8ASSa_10smelt_test2tsINtNtNtNtCsbQhyRlD7fdK_3std11collections4hash3map7HashMapNtNtCskbJomkeA9wF_5alloc6string6StringlEINtB5_11HasPropertyB1v_E12has_propertyB7_
FN:294,_RNvXs1_NtCsiQvK2w8ASSa_10smelt_test2tsNtNtCskbJomkeA9wF_5alloc6string6StringINtB5_8ContainsReE14contains_value
FN:316,_RNvXs3_NtCsiQvK2w8ASSa_10smelt_test2tsNtNtCskbJomkeA9wF_5alloc6string6StringNtB5_9HasLength9value_len
FN:275,_RNvXs_NtCsiQvK2w8ASSa_10smelt_test2tsINtNtCsbV2fdBDOQHZ_4core6option6OptionlENtB4_6IsNull7is_nullB6_
FN:288,_RNvXs0_NtCsiQvK2w8ASSa_10smelt_test2tsNtNtCskbJomkeA9wF_5alloc6string6StringINtB5_8ContainsBA_E14contains_value
FNDA:1,_RINvMNtCsiQvK2w8ASSa_10smelt_test2tsINtB3_6ExpectINtNtCsbV2fdBDOQHZ_4core6option6OptionINtNtCskbJomkeA9wF_5alloc3vec3VecNtNtB1s_6string6StringEEE15to_strict_equalBL_EB5_
FNDA:2,_RINvMNtCsiQvK2w8ASSa_10smelt_test2tsINtB3_6ExpectINtNtCskbJomkeA9wF_5alloc3vec3VeclEE10to_containlEB5_
FNDA:1,_RINvMNtCsiQvK2w8ASSa_10smelt_test2tsINtB3_6ExpectINtNtCskbJomkeA9wF_5alloc3vec3VeclEE8to_equalBL_EB5_
FNDA:1,_RINvMNtCsiQvK2w8ASSa_10smelt_test2tsINtB3_6ExpectINtNtNtNtCsbQhyRlD7fdK_3std11collections4hash3map7HashMapNtNtCskbJomkeA9wF_5alloc6string6StringlEE16to_have_propertyB1G_EB5_
FNDA:1,_RINvMNtCsiQvK2w8ASSa_10smelt_test2tsINtB3_6ExpectNtNtCskbJomkeA9wF_5alloc6string6StringE10to_containReEB5_
FNDA:2,_RINvMNtCsiQvK2w8ASSa_10smelt_test2tsINtB3_6ExpectdE5to_bedEB5_
FNDA:4,_RINvMNtCsiQvK2w8ASSa_10smelt_test2tsINtB3_6ExpectlE5to_belEB5_
FNDA:2,_RINvNtCsiQvK2w8ASSa_10smelt_test2ts17deep_strict_equalINtNtCskbJomkeA9wF_5alloc3vec3VeclEBQ_EB4_
FNDA:1,_RINvNtCsiQvK2w8ASSa_10smelt_test2ts6expectINtNtCsbV2fdBDOQHZ_4core6option6OptionINtNtCskbJomkeA9wF_5alloc3vec3VecNtNtB1l_6string6StringEEEB4_
FNDA:2,_RINvNtCsiQvK2w8ASSa_10smelt_test2ts6expectINtNtCsbV2fdBDOQHZ_4core6option6OptionlEEB4_
FNDA:5,_RINvNtCsiQvK2w8ASSa_10smelt_test2ts6expectINtNtCskbJomkeA9wF_5alloc3vec3VeclEEB4_
FNDA:1,_RINvNtCsiQvK2w8ASSa_10smelt_test2ts6expectINtNtNtNtCsbQhyRlD7fdK_3std11collections4hash3map7HashMapNtNtCskbJomkeA9wF_5alloc6string6StringlEEB4_
FNDA:2,_RINvNtCsiQvK2w8ASSa_10smelt_test2ts6expectNtNtCskbJomkeA9wF_5alloc6string6StringEB4_
FNDA:4,_RINvNtCsiQvK2w8ASSa_10smelt_test2ts6expectbEB4_
FNDA:2,_RINvNtCsiQvK2w8ASSa_10smelt_test2ts6expectdEB4_
FNDA:4,_RINvNtCsiQvK2w8ASSa_10smelt_test2ts6expectlEB4_
FNDA:1,_RINvNtCsiQvK2w8ASSa_10smelt_test2ts9expect_fnNCNCNvNtB2_5testss_28to_throw_fails_without_panic00EB4_
FNDA:1,_RINvNtCsiQvK2w8ASSa_10smelt_test2ts9expect_fnNCNCNvNtB2_5testss_39to_throw_with_message_checks_panic_texts_00EB4_
FNDA:1,_RINvNtCsiQvK2w8ASSa_10smelt_test2ts9expect_fnNCNvNtB2_5testss_23to_throw_matches_panics0EB4_
FNDA:1,_RINvNtCsiQvK2w8ASSa_10smelt_test2ts9expect_fnNCNvNtB2_5testss_35negated_to_throw_matches_non_panics0EB4_
FNDA:1,_RINvNtCsiQvK2w8ASSa_10smelt_test2ts9expect_fnNCNvNtB2_5testss_39to_throw_with_message_checks_panic_text0EB4_
FNDA:1,_RNCNvMs6_NtCsiQvK2w8ASSa_10smelt_test2tsINtB7_16ThrowExpectationNCNCNvNtB7_5testss_39to_throw_with_message_checks_panic_texts_00E21to_throw_with_message0B9_
FNDA:1,_RNCNvMs6_NtCsiQvK2w8ASSa_10smelt_test2tsINtB7_16ThrowExpectationNCNvNtB7_5testss_39to_throw_with_message_checks_panic_text0E21to_throw_with_message0B9_
FNDA:1,_RNvMNtCsiQvK2w8ASSa_10smelt_test2tsINtB2_6ExpectINtNtCsbV2fdBDOQHZ_4core6option6OptionINtNtCskbJomkeA9wF_5alloc3vec3VecNtNtB1r_6string6StringEEE12assert_matchB4_
FNDA:2,_RNvMNtCsiQvK2w8ASSa_10smelt_test2tsINtB2_6ExpectINtNtCsbV2fdBDOQHZ_4core6option6OptionlEE10to_be_nullB4_
FNDA:2,_RNvMNtCsiQvK2w8ASSa_10smelt_test2tsINtB2_6ExpectINtNtCsbV2fdBDOQHZ_4core6option6OptionlEE12assert_matchB4_
FNDA:1,_RNvMNtCsiQvK2w8ASSa_10smelt_test2tsINtB2_6ExpectINtNtCsbV2fdBDOQHZ_4core6option6OptionlEE3notB4_
FNDA:5,_RNvMNtCsiQvK2w8ASSa_10smelt_test2tsINtB2_6ExpectINtNtCskbJomkeA9wF_5alloc3vec3VeclEE12assert_matchB4_
FNDA:2,_RNvMNtCsiQvK2w8ASSa_10smelt_test2tsINtB2_6ExpectINtNtCskbJomkeA9wF_5alloc3vec3VeclEE14to_have_lengthB4_
FNDA:1,_RNvMNtCsiQvK2w8ASSa_10smelt_test2tsINtB2_6ExpectINtNtNtNtCsbQhyRlD7fdK_3std11collections4hash3map7HashMapNtNtCskbJomkeA9wF_5alloc6string6StringlEE12assert_matchB4_
FNDA:2,_RNvMNtCsiQvK2w8ASSa_10smelt_test2tsINtB2_6ExpectNtNtCskbJomkeA9wF_5alloc6string6StringE12assert_matchB4_
FNDA:1,_RNvMNtCsiQvK2w8ASSa_10smelt_test2tsINtB2_6ExpectNtNtCskbJomkeA9wF_5alloc6string6StringE14to_have_lengthB4_
FNDA:2,_RNvMNtCsiQvK2w8ASSa_10smelt_test2tsINtB2_6ExpectbE11to_be_falsyB4_
FNDA:4,_RNvMNtCsiQvK2w8ASSa_10smelt_test2tsINtB2_6ExpectbE12assert_matchB4_
FNDA:2,_RNvMNtCsiQvK2w8ASSa_10smelt_test2tsINtB2_6ExpectbE12to_be_truthyB4_
FNDA:2,_RNvMNtCsiQvK2w8ASSa_10smelt_test2tsINtB2_6ExpectbE3notB4_
FNDA:2,_RNvMNtCsiQvK2w8ASSa_10smelt_test2tsINtB2_6ExpectdE12assert_matchB4_
FNDA:4,_RNvMNtCsiQvK2w8ASSa_10smelt_test2tsINtB2_6ExpectlE12assert_matchB4_
FNDA:2,_RNvMNtCsiQvK2w8ASSa_10smelt_test2tsINtB2_6ExpectlE3notB4_
FNDA:1,_RNvMs6_NtCsiQvK2w8ASSa_10smelt_test2tsINtB5_16ThrowExpectationNCNCNvNtB5_5testss_28to_throw_fails_without_panic00E8to_throwB7_
FNDA:1,_RNvMs6_NtCsiQvK2w8ASSa_10smelt_test2tsINtB5_16ThrowExpectationNCNCNvNtB5_5testss_39to_throw_with_message_checks_panic_texts_00E21to_throw_with_messageB7_
FNDA:1,_RNvMs6_NtCsiQvK2w8ASSa_10smelt_test2tsINtB5_16ThrowExpectationNCNvNtB5_5testss_23to_throw_matches_panics0E8to_throwB7_
FNDA:1,_RNvMs6_NtCsiQvK2w8ASSa_10smelt_test2tsINtB5_16ThrowExpectationNCNvNtB5_5testss_35negated_to_throw_matches_non_panics0E3notB7_
FNDA:1,_RNvMs6_NtCsiQvK2w8ASSa_10smelt_test2tsINtB5_16ThrowExpectationNCNvNtB5_5testss_35negated_to_throw_matches_non_panics0E8to_throwB7_
FNDA:1,_RNvMs6_NtCsiQvK2w8ASSa_10smelt_test2tsINtB5_16ThrowExpectationNCNvNtB5_5testss_39to_throw_with_message_checks_panic_text0E21to_throw_with_messageB7_
FNDA:2,_RNvXs2_NtCsiQvK2w8ASSa_10smelt_test2tsINtNtCskbJomkeA9wF_5alloc3vec3VeclEINtB5_8ContainslE14contains_valueB7_
FNDA:2,_RNvXs4_NtCsiQvK2w8ASSa_10smelt_test2tsINtNtCskbJomkeA9wF_5alloc3vec3VeclENtB5_9HasLength9value_lenB7_
FNDA:1,_RNCNCNvNtNtCsiQvK2w8ASSa_10smelt_test2ts5testss_28to_throw_fails_without_panic00B9_
FNDA:1,_RNCNCNvNtNtCsiQvK2w8ASSa_10smelt_test2ts5testss_39to_throw_with_message_checks_panic_texts_00B9_
FNDA:1,_RNCNvNtNtCsiQvK2w8ASSa_10smelt_test2ts5testss_17not_inverts_to_be0B7_
FNDA:1,_RNCNvNtNtCsiQvK2w8ASSa_10smelt_test2ts5testss_23to_throw_matches_panics0B7_
FNDA:1,_RNCNvNtNtCsiQvK2w8ASSa_10smelt_test2ts5testss_28to_throw_fails_without_panic0B7_
FNDA:1,_RNCNvNtNtCsiQvK2w8ASSa_10smelt_test2ts5testss_35negated_to_throw_matches_non_panics0B7_
FNDA:1,_RNCNvNtNtCsiQvK2w8ASSa_10smelt_test2ts5testss_35to_be_fails_for_different_primitive0B7_
FNDA:1,_RNCNvNtNtCsiQvK2w8ASSa_10smelt_test2ts5testss_36to_be_uses_object_is_for_signed_zero0B7_
FNDA:1,_RNCNvNtNtCsiQvK2w8ASSa_10smelt_test2ts5testss_38to_contain_matches_strings_and_vectors0B7_
FNDA:1,_RNCNvNtNtCsiQvK2w8ASSa_10smelt_test2ts5testss_39to_throw_with_message_checks_panic_text0B7_
FNDA:1,_RNCNvNtNtCsiQvK2w8ASSa_10smelt_test2ts5testss_39to_throw_with_message_checks_panic_texts_0B7_
FNDA:1,_RNCNvNtNtCsiQvK2w8ASSa_10smelt_test2ts5testss_42deep_strict_equal_uses_structural_equality0B7_
FNDA:1,_RNCNvNtNtCsiQvK2w8ASSa_10smelt_test2ts5testss_42to_have_length_matches_strings_and_vectors0B7_
FNDA:1,_RNvNtNtCsiQvK2w8ASSa_10smelt_test2ts5testss_17not_inverts_to_be
FNDA:1,_RNvNtNtCsiQvK2w8ASSa_10smelt_test2ts5testss_23to_be_null_matches_none
FNDA:1,_RNvNtNtCsiQvK2w8ASSa_10smelt_test2ts5testss_23to_throw_matches_panics
FNDA:1,_RNvNtNtCsiQvK2w8ASSa_10smelt_test2ts5testss_28to_be_uses_object_is_for_nan
FNDA:1,_RNvNtNtCsiQvK2w8ASSa_10smelt_test2ts5testss_28to_throw_fails_without_panic
FNDA:1,_RNvNtNtCsiQvK2w8ASSa_10smelt_test2ts5testss_31to_be_passes_for_same_primitive
FNDA:1,_RNvNtNtCsiQvK2w8ASSa_10smelt_test2ts5testss_31truthy_and_falsy_match_booleans
FNDA:1,_RNvNtNtCsiQvK2w8ASSa_10smelt_test2ts5testss_33to_equal_uses_structural_equality
FNDA:1,_RNvNtNtCsiQvK2w8ASSa_10smelt_test2ts5testss_34to_have_property_matches_hash_maps
FNDA:1,_RNvNtNtCsiQvK2w8ASSa_10smelt_test2ts5testss_35negated_to_throw_matches_non_panics
FNDA:1,_RNvNtNtCsiQvK2w8ASSa_10smelt_test2ts5testss_35to_be_fails_for_different_primitive
FNDA:1,_RNvNtNtCsiQvK2w8ASSa_10smelt_test2ts5testss_36to_be_uses_object_is_for_signed_zero
FNDA:1,_RNvNtNtCsiQvK2w8ASSa_10smelt_test2ts5testss_38to_contain_matches_strings_and_vectors
FNDA:1,_RNvNtNtCsiQvK2w8ASSa_10smelt_test2ts5testss_39negated_truthy_and_falsy_match_booleans
FNDA:1,_RNvNtNtCsiQvK2w8ASSa_10smelt_test2ts5testss_39to_throw_with_message_checks_panic_text
FNDA:1,_RNvNtNtCsiQvK2w8ASSa_10smelt_test2ts5testss_42deep_strict_equal_uses_structural_equality
FNDA:1,_RNvNtNtCsiQvK2w8ASSa_10smelt_test2ts5testss_42to_have_length_matches_strings_and_vectors
FNDA:1,_RNvNtNtCsiQvK2w8ASSa_10smelt_test2ts5testss_47to_strict_equal_uses_structural_equality_for_v1
FNDA:1,_RNvXs5_NtCsiQvK2w8ASSa_10smelt_test2tsINtNtNtNtCsbQhyRlD7fdK_3std11collections4hash3map7HashMapNtNtCskbJomkeA9wF_5alloc6string6StringlEINtB5_11HasPropertyB1v_E12has_propertyB7_
FNDA:1,_RNvXs1_NtCsiQvK2w8ASSa_10smelt_test2tsNtNtCskbJomkeA9wF_5alloc6string6StringINtB5_8ContainsReE14contains_value
FNDA:1,_RNvXs3_NtCsiQvK2w8ASSa_10smelt_test2tsNtNtCskbJomkeA9wF_5alloc6string6StringNtB5_9HasLength9value_len
FNDA:2,_RNvXs_NtCsiQvK2w8ASSa_10smelt_test2tsINtNtCsbV2fdBDOQHZ_4core6option6OptionlENtB4_6IsNull7is_nullB6_
FNDA:0,_RNvXs0_NtCsiQvK2w8ASSa_10smelt_test2tsNtNtCskbJomkeA9wF_5alloc6string6StringINtB5_8ContainsBA_E14contains_value
FNF:56
FNH:55
DA:13,21
DA:14,21
DA:15,21
DA:16,21
DA:17,21
DA:18,21
DA:22,5
DA:23,5
DA:24,5
DA:26,5
DA:27,5
DA:28,5
DA:29,5
DA:30,5
DA:48,5
DA:49,5
DA:50,5
DA:51,5
DA:52,5
DA:53,5
DA:60,6
DA:61,6
DA:62,6
DA:63,6
DA:65,6
DA:66,6
DA:67,6
DA:68,6
DA:72,6
DA:77,6
DA:84,1
DA:85,1
DA:86,1
DA:87,1
DA:89,1
DA:90,1
DA:91,1
DA:92,1
DA:96,1
DA:101,1
DA:108,1
DA:109,1
DA:110,1
DA:111,1
DA:113,1
DA:114,1
DA:115,1
DA:116,1
DA:120,1
DA:125,1
DA:132,2
DA:133,2
DA:134,2
DA:136,2
DA:137,2
DA:138,2
DA:139,2
DA:140,2
DA:142,2
DA:149,2
DA:150,2
DA:151,2
DA:153,2
DA:154,2
DA:155,2
DA:156,2
DA:157,2
DA:159,2
DA:166,2
DA:167,2
DA:168,2
DA:170,2
DA:171,2
DA:172,2
DA:173,2
DA:174,2
DA:176,2
DA:183,3
DA:184,3
DA:185,3
DA:186,3
DA:188,3
DA:189,3
DA:190,3
DA:191,3
DA:195,3
DA:200,3
DA:207,3
DA:208,3
DA:209,3
DA:211,3
DA:212,3
DA:213,3
DA:214,3
DA:215,3
DA:219,3
DA:224,3
DA:231,1
DA:232,1
DA:233,1
DA:234,1
DA:236,1
DA:237,1
DA:238,1
DA:239,1
DA:243,1
DA:248,1
DA:251,21
DA:252,21
DA:253,21
DA:254,21
DA:255,21
DA:256,21
DA:257,21
DA:258,5
DA:259,1
DA:260,4
DA:261,16
DA:262,4
DA:263,12
DA:264,16
DA:275,2
DA:276,2
DA:277,2
DA:288,0
DA:289,0
DA:290,0
DA:294,1
DA:295,1
DA:296,1
DA:303,2
DA:304,2
DA:305,2
DA:316,1
DA:317,1
DA:318,1
DA:322,2
DA:323,2
DA:324,2
DA:339,1
DA:340,1
DA:341,1
DA:349,2
DA:350,2
DA:351,2
DA:352,2
DA:354,2
DA:355,1
DA:358,1
DA:359,1
DA:383,1
DA:384,1
DA:385,1
DA:386,1
DA:387,1
DA:388,1
DA:395,3
DA:396,3
DA:397,3
DA:398,1
DA:399,0
DA:400,1
DA:401,2
DA:402,1
DA:403,1
DA:404,2
DA:412,2
DA:413,2
DA:414,2
DA:415,2
DA:416,2
DA:417,2
DA:418,0
DA:419,0
DA:422,0
DA:423,2
DA:424,2
DA:425,1
DA:428,1
DA:430,0
DA:432,1
DA:441,1
DA:442,1
DA:443,1
DA:446,1
DA:447,1
DA:448,1
DA:451,1
DA:454,1
DA:455,1
DA:456,1
DA:459,1
DA:460,1
DA:461,1
DA:464,1
DA:467,1
DA:468,1
DA:469,1
DA:470,1
DA:473,1
DA:476,1
DA:477,1
DA:478,1
DA:481,1
DA:482,1
DA:483,1
DA:486,1
DA:487,1
DA:488,1
DA:489,1
DA:492,1
DA:493,1
DA:494,1
DA:495,1
DA:498,1
DA:499,1
DA:500,1
DA:501,1
DA:504,1
DA:505,1
DA:506,1
DA:507,1
DA:508,1
DA:511,1
DA:514,1
DA:515,1
DA:516,1
DA:517,1
DA:518,1
DA:521,1
DA:524,1
DA:525,1
DA:526,1
DA:527,1
DA:530,1
DA:531,1
DA:532,1
DA:533,1
DA:536,1
DA:539,1
DA:540,1
DA:541,1
DA:544,1
DA:545,1
DA:546,1
DA:549,1
DA:552,1
DA:553,1
DA:554,1
DA:555,1
DA:558,1
DA:561,1
DA:562,1
DA:563,1
BRDA:257,0,0,5
BRDA:257,0,1,16
BRDA:258,0,0,1
BRDA:258,0,1,4
BRDA:261,0,0,4
BRDA:261,0,1,12
BRDA:354,0,0,1
BRDA:354,0,1,1
BRDA:397,0,0,1
BRDA:397,0,1,2
BRDA:398,0,0,0
BRDA:398,0,1,1
BRDA:401,0,0,1
BRDA:401,0,1,1
BRDA:417,0,0,0
BRDA:417,0,1,2
BRDA:418,0,0,-
BRDA:418,0,1,-
BRDA:423,0,0,2
BRDA:423,0,1,0
BRDA:424,0,0,1
BRDA:424,0,1,1
BRF:22
BRH:13
LF:268
LH:256
end_of_record